[debug] [2024-08-23T14:08:39.668Z] ----------------------------------------------------------------------
[debug] [2024-08-23T14:08:39.669Z] Command:       /Users/stefanrachev/.nvm/versions/node/v18.20.4/bin/node /opt/homebrew/bin/firebase serve
[debug] [2024-08-23T14:08:39.669Z] CLI Version:   13.15.1
[debug] [2024-08-23T14:08:39.669Z] Platform:      darwin
[debug] [2024-08-23T14:08:39.670Z] Node Version:  v18.20.4
[debug] [2024-08-23T14:08:39.670Z] Time:          Fri Aug 23 2024 17:08:39 GMT+0300 (Eastern European Summer Time)
[debug] [2024-08-23T14:08:39.670Z] ----------------------------------------------------------------------
[debug] 
[debug] [2024-08-23T14:08:39.723Z] > command requires scopes: ["email","openid","https://www.googleapis.com/auth/cloudplatformprojects.readonly","https://www.googleapis.com/auth/firebase","https://www.googleapis.com/auth/cloud-platform"]
[debug] [2024-08-23T14:08:39.723Z] > authorizing via signed-in user (starfystef@gmail.com)
[debug] [2024-08-23T14:08:39.723Z] [iam] checking project test-client-server-db for permissions ["firebase.projects.get"]
[debug] [2024-08-23T14:08:39.724Z] >>> [apiv2][query] POST https://cloudresourcemanager.googleapis.com/v1/projects/test-client-server-db:testIamPermissions [none]
[debug] [2024-08-23T14:08:39.724Z] >>> [apiv2][(partial)header] POST https://cloudresourcemanager.googleapis.com/v1/projects/test-client-server-db:testIamPermissions x-goog-quota-user=projects/test-client-server-db
[debug] [2024-08-23T14:08:39.724Z] >>> [apiv2][body] POST https://cloudresourcemanager.googleapis.com/v1/projects/test-client-server-db:testIamPermissions {"permissions":["firebase.projects.get"]}
[debug] [2024-08-23T14:08:40.710Z] <<< [apiv2][status] POST https://cloudresourcemanager.googleapis.com/v1/projects/test-client-server-db:testIamPermissions 200
[debug] [2024-08-23T14:08:40.711Z] <<< [apiv2][body] POST https://cloudresourcemanager.googleapis.com/v1/projects/test-client-server-db:testIamPermissions {"permissions":["firebase.projects.get"]}
[debug] [2024-08-23T14:08:40.712Z] >>> [apiv2][query] GET https://firebase.googleapis.com/v1beta1/projects/test-client-server-db [none]
[debug] [2024-08-23T14:08:41.335Z] <<< [apiv2][status] GET https://firebase.googleapis.com/v1beta1/projects/test-client-server-db 200
[debug] [2024-08-23T14:08:41.336Z] <<< [apiv2][body] GET https://firebase.googleapis.com/v1beta1/projects/test-client-server-db {"projectId":"test-client-server-db","projectNumber":"659817976712","displayName":"test-client-server-db","name":"projects/test-client-server-db","resources":{"hostingSite":"test-client-server-db"},"state":"ACTIVE","etag":"1_2ebf1147-3b09-43f9-b75c-bc52837f505a"}
[info] 
[info] === Serving from '/Users/stefanrachev/Documents/Projects/simplified-node-express-deployment-on-firebase-test/server'...
[info] 
[debug] [2024-08-23T14:08:41.343Z] defaultcredentials: writing to file /Users/stefanrachev/.config/firebase/starfystef_gmail_com_application_default_credentials.json
[debug] [2024-08-23T14:08:41.346Z] Setting GAC to /Users/stefanrachev/.config/firebase/starfystef_gmail_com_application_default_credentials.json {"metadata":{"emulator":{"name":"functions"},"message":"Setting GAC to /Users/stefanrachev/.config/firebase/starfystef_gmail_com_application_default_credentials.json"}}
[debug] [2024-08-23T14:08:41.347Z] >>> [apiv2][query] GET https://firebase.googleapis.com/v1beta1/projects/test-client-server-db/adminSdkConfig [none]
[debug] [2024-08-23T14:08:42.256Z] <<< [apiv2][status] GET https://firebase.googleapis.com/v1beta1/projects/test-client-server-db/adminSdkConfig 200
[debug] [2024-08-23T14:08:42.256Z] <<< [apiv2][body] GET https://firebase.googleapis.com/v1beta1/projects/test-client-server-db/adminSdkConfig {"projectId":"test-client-server-db","storageBucket":"test-client-server-db.appspot.com"}
[info] i  functions: Watching "/Users/stefanrachev/Documents/Projects/simplified-node-express-deployment-on-firebase-test/server/functions" for Cloud Functions... {"metadata":{"emulator":{"name":"functions"},"message":"Watching \"/Users/stefanrachev/Documents/Projects/simplified-node-express-deployment-on-firebase-test/server/functions\" for Cloud Functions..."}}
[debug] [2024-08-23T14:08:42.277Z] Validating nodejs source
[debug] [2024-08-23T14:08:42.826Z] > [functions] package.json contents: {
  "name": "functions",
  "description": "Cloud Functions for Firebase",
  "version": "1.0.0",
  "main": "index.js",
  "scripts": {
    "start": "node index.js",
    "dev": "nodemon index.js",
    "serve": "firebase emulators:start --only functions",
    "shell": "firebase functions:shell",
    "deploy": "firebase deploy --only functions",
    "logs": "firebase functions:log"
  },
  "dependencies": {
    "cors": "^2.8.5",
    "dotenv": "^16.4.5",
    "express": "^4.19.2",
    "firebase-admin": "^12.1.0",
    "firebase-functions": "^5.1.0",
    "mongoose": "^8.5.3"
  },
  "devDependencies": {
    "firebase-functions-test": "^3.1.0",
    "nodemon": "^3.1.4"
  },
  "engines": {
    "node": "18"
  },
  "private": true
}
[debug] [2024-08-23T14:08:42.827Z] Building nodejs source
[debug] [2024-08-23T14:08:42.827Z] Failed to find version of module node: reached end of search path /Users/stefanrachev/Documents/Projects/simplified-node-express-deployment-on-firebase-test/server/functions/node_modules
[info] ✔  functions: Using node@18 from host. 
[info] i  functions: Loaded environment variables from .env. 
[debug] [2024-08-23T14:08:42.829Z] Could not find functions.yaml. Must use http discovery
[debug] [2024-08-23T14:08:42.834Z] Found firebase-functions binary at '/Users/stefanrachev/Documents/Projects/simplified-node-express-deployment-on-firebase-test/server/functions/node_modules/.bin/firebase-functions'
[info] Serving at port 8775

[debug] [2024-08-23T14:08:43.162Z] Got response from /__/functions.yaml {"endpoints":{"api":{"availableMemoryMb":null,"timeoutSeconds":null,"minInstances":null,"maxInstances":null,"ingressSettings":null,"concurrency":null,"serviceAccountEmail":null,"vpc":null,"platform":"gcfv2","labels":{},"httpsTrigger":{},"entryPoint":"api"}},"specVersion":"v1alpha1","requiredAPIs":[],"extensions":{}}
[info] MongoDB connected

[info] ✔  functions: Loaded functions definitions from source: api. {"metadata":{"emulator":{"name":"functions"},"message":"Loaded functions definitions from source: api."}}
[info] ✔  functions[us-central1-api]: http function initialized (http://localhost:5000/test-client-server-db/us-central1/api). {"metadata":{"emulator":{"name":"functions"},"message":"\u001b[1mhttp\u001b[22m function initialized (http://localhost:5000/test-client-server-db/us-central1/api)."}}
[debug] [2024-08-23T14:26:07.594Z] [work-queue] {"queuedWork":["/test-client-server-db/us-central1/api-2024-08-23T14:26:07.593Z"],"queueLength":1,"runningWork":[],"workRunningCount":0}
[debug] [2024-08-23T14:26:07.595Z] [work-queue] {"queuedWork":[],"queueLength":0,"runningWork":["/test-client-server-db/us-central1/api-2024-08-23T14:26:07.593Z"],"workRunningCount":1}
[debug] [2024-08-23T14:26:07.596Z] Accepted request GET /test-client-server-db/us-central1/api --> us-central1-api
[debug] [2024-08-23T14:26:07.600Z] [functions] Runtime ready! Sending request! {"metadata":{"emulator":{"name":"functions"},"message":"[functions] Runtime ready! Sending request!"}}
[debug] [2024-08-23T14:26:07.601Z] [functions] Got req.url=/test-client-server-db/us-central1/api, mapping to path=/ {"metadata":{"emulator":{"name":"functions"},"message":"[functions] Got req.url=/test-client-server-db/us-central1/api, mapping to path=/"}}
[info] i  functions: Loaded environment variables from .env. 
[debug] [2024-08-23T14:26:07.606Z] [worker-pool] addWorker(us-central1-api) {"metadata":{"emulator":{"name":"functions"},"message":"[worker-pool] addWorker(us-central1-api)"}}
[debug] [2024-08-23T14:26:07.607Z] [worker-pool] Adding worker with key us-central1-api, total=1 {"metadata":{"emulator":{"name":"functions"},"message":"[worker-pool] Adding worker with key us-central1-api, total=1"}}
[debug] [2024-08-23T14:26:08.317Z] [runtime-status] [31209] Resolved module firebase-admin {"declared":true,"installed":true,"version":"12.3.1","resolution":"/Users/stefanrachev/Documents/Projects/simplified-node-express-deployment-on-firebase-test/server/functions/node_modules/firebase-admin/lib/index.js"} {"metadata":{"emulator":{"name":"functions"},"function":{"name":"us-central1-api"},"extension":{},"message":"[runtime-status] [31209] Resolved module firebase-admin {\"declared\":true,\"installed\":true,\"version\":\"12.3.1\",\"resolution\":\"/Users/stefanrachev/Documents/Projects/simplified-node-express-deployment-on-firebase-test/server/functions/node_modules/firebase-admin/lib/index.js\"}"}}
[debug] [2024-08-23T14:26:08.318Z] [runtime-status] [31209] Resolved module firebase-functions {"declared":true,"installed":true,"version":"5.1.0","resolution":"/Users/stefanrachev/Documents/Projects/simplified-node-express-deployment-on-firebase-test/server/functions/node_modules/firebase-functions/lib/v1/index.js"} {"metadata":{"emulator":{"name":"functions"},"function":{"name":"us-central1-api"},"extension":{},"message":"[runtime-status] [31209] Resolved module firebase-functions {\"declared\":true,\"installed\":true,\"version\":\"5.1.0\",\"resolution\":\"/Users/stefanrachev/Documents/Projects/simplified-node-express-deployment-on-firebase-test/server/functions/node_modules/firebase-functions/lib/v1/index.js\"}"}}
[debug] [2024-08-23T14:26:08.319Z] [runtime-status] [31209] Outgoing network have been stubbed. [{"name":"http","status":"mocked"},{"name":"http","status":"mocked"},{"name":"https","status":"mocked"},{"name":"https","status":"mocked"},{"name":"net","status":"mocked"}] {"metadata":{"emulator":{"name":"functions"},"function":{"name":"us-central1-api"},"extension":{},"message":"[runtime-status] [31209] Outgoing network have been stubbed. [{\"name\":\"http\",\"status\":\"mocked\"},{\"name\":\"http\",\"status\":\"mocked\"},{\"name\":\"https\",\"status\":\"mocked\"},{\"name\":\"https\",\"status\":\"mocked\"},{\"name\":\"net\",\"status\":\"mocked\"}]"}}
[debug] [2024-08-23T14:26:08.319Z] [runtime-status] [31209] Resolved module firebase-functions {"declared":true,"installed":true,"version":"5.1.0","resolution":"/Users/stefanrachev/Documents/Projects/simplified-node-express-deployment-on-firebase-test/server/functions/node_modules/firebase-functions/lib/v1/index.js"} {"metadata":{"emulator":{"name":"functions"},"function":{"name":"us-central1-api"},"extension":{},"message":"[runtime-status] [31209] Resolved module firebase-functions {\"declared\":true,\"installed\":true,\"version\":\"5.1.0\",\"resolution\":\"/Users/stefanrachev/Documents/Projects/simplified-node-express-deployment-on-firebase-test/server/functions/node_modules/firebase-functions/lib/v1/index.js\"}"}}
[debug] [2024-08-23T14:26:08.463Z] [runtime-status] [31209] Checked functions.config() {"config":{}} {"metadata":{"emulator":{"name":"functions"},"function":{"name":"us-central1-api"},"extension":{},"message":"[runtime-status] [31209] Checked functions.config() {\"config\":{}}"}}
[debug] [2024-08-23T14:26:08.463Z] [runtime-status] [31209] firebase-functions has been stubbed. {"functionsResolution":{"declared":true,"installed":true,"version":"5.1.0","resolution":"/Users/stefanrachev/Documents/Projects/simplified-node-express-deployment-on-firebase-test/server/functions/node_modules/firebase-functions/lib/v1/index.js"}} {"metadata":{"emulator":{"name":"functions"},"function":{"name":"us-central1-api"},"extension":{},"message":"[runtime-status] [31209] firebase-functions has been stubbed. {\"functionsResolution\":{\"declared\":true,\"installed\":true,\"version\":\"5.1.0\",\"resolution\":\"/Users/stefanrachev/Documents/Projects/simplified-node-express-deployment-on-firebase-test/server/functions/node_modules/firebase-functions/lib/v1/index.js\"}}"}}
[debug] [2024-08-23T14:26:08.463Z] [runtime-status] [31209] Resolved module firebase-functions {"declared":true,"installed":true,"version":"5.1.0","resolution":"/Users/stefanrachev/Documents/Projects/simplified-node-express-deployment-on-firebase-test/server/functions/node_modules/firebase-functions/lib/v1/index.js"} {"metadata":{"emulator":{"name":"functions"},"function":{"name":"us-central1-api"},"extension":{},"message":"[runtime-status] [31209] Resolved module firebase-functions {\"declared\":true,\"installed\":true,\"version\":\"5.1.0\",\"resolution\":\"/Users/stefanrachev/Documents/Projects/simplified-node-express-deployment-on-firebase-test/server/functions/node_modules/firebase-functions/lib/v1/index.js\"}"}}
[debug] [2024-08-23T14:26:08.464Z] [runtime-status] [31209] Resolved module firebase-admin {"declared":true,"installed":true,"version":"12.3.1","resolution":"/Users/stefanrachev/Documents/Projects/simplified-node-express-deployment-on-firebase-test/server/functions/node_modules/firebase-admin/lib/index.js"} {"metadata":{"emulator":{"name":"functions"},"function":{"name":"us-central1-api"},"extension":{},"message":"[runtime-status] [31209] Resolved module firebase-admin {\"declared\":true,\"installed\":true,\"version\":\"12.3.1\",\"resolution\":\"/Users/stefanrachev/Documents/Projects/simplified-node-express-deployment-on-firebase-test/server/functions/node_modules/firebase-admin/lib/index.js\"}"}}
[debug] [2024-08-23T14:26:08.465Z] [runtime-status] [31209] Resolved module firebase-functions {"declared":true,"installed":true,"version":"5.1.0","resolution":"/Users/stefanrachev/Documents/Projects/simplified-node-express-deployment-on-firebase-test/server/functions/node_modules/firebase-functions/lib/v1/index.js"} {"metadata":{"emulator":{"name":"functions"},"function":{"name":"us-central1-api"},"extension":{},"message":"[runtime-status] [31209] Resolved module firebase-functions {\"declared\":true,\"installed\":true,\"version\":\"5.1.0\",\"resolution\":\"/Users/stefanrachev/Documents/Projects/simplified-node-express-deployment-on-firebase-test/server/functions/node_modules/firebase-functions/lib/v1/index.js\"}"}}
[debug] [2024-08-23T14:26:08.465Z] [runtime-status] [31209] firebase-admin has been stubbed. {"adminResolution":{"declared":true,"installed":true,"version":"12.3.1","resolution":"/Users/stefanrachev/Documents/Projects/simplified-node-express-deployment-on-firebase-test/server/functions/node_modules/firebase-admin/lib/index.js"}} {"metadata":{"emulator":{"name":"functions"},"function":{"name":"us-central1-api"},"extension":{},"message":"[runtime-status] [31209] firebase-admin has been stubbed. {\"adminResolution\":{\"declared\":true,\"installed\":true,\"version\":\"12.3.1\",\"resolution\":\"/Users/stefanrachev/Documents/Projects/simplified-node-express-deployment-on-firebase-test/server/functions/node_modules/firebase-admin/lib/index.js\"}}"}}
[debug] [2024-08-23T14:26:08.654Z] [runtime-status] [31209] Functions runtime initialized. {"cwd":"/Users/stefanrachev/Documents/Projects/simplified-node-express-deployment-on-firebase-test/server/functions","node_version":"18.20.4"} {"metadata":{"emulator":{"name":"functions"},"function":{"name":"us-central1-api"},"extension":{},"message":"[runtime-status] [31209] Functions runtime initialized. {\"cwd\":\"/Users/stefanrachev/Documents/Projects/simplified-node-express-deployment-on-firebase-test/server/functions\",\"node_version\":\"18.20.4\"}"}}
[debug] [2024-08-23T14:26:08.655Z] [runtime-status] [31209] Listening to port: /var/folders/z3/m0n_63nj3yj07lcknymds7yh0000gn/T/fire_emu_47269db68393d2c8.sock {"metadata":{"emulator":{"name":"functions"},"function":{"name":"us-central1-api"},"extension":{},"message":"[runtime-status] [31209] Listening to port: /var/folders/z3/m0n_63nj3yj07lcknymds7yh0000gn/T/fire_emu_47269db68393d2c8.sock"}}
[debug] [2024-08-23T14:26:08.737Z] [worker-us-central1-api-afffd4cb-99c6-4173-b197-1b0de8e233e8]: IDLE {"metadata":{"emulator":{"name":"functions"},"function":{"name":"us-central1-api"},"extension":{},"message":"[worker-us-central1-api-afffd4cb-99c6-4173-b197-1b0de8e233e8]: IDLE"}}
[debug] [2024-08-23T14:26:08.738Z] [worker-pool] submitRequest(triggerId=us-central1-api) {"metadata":{"emulator":{"name":"functions"},"message":"[worker-pool] submitRequest(triggerId=us-central1-api)"}}
[info] i  functions: Beginning execution of "us-central1-api" {"metadata":{"emulator":{"name":"functions"},"function":{"name":"us-central1-api"},"extension":{},"message":"Beginning execution of \"us-central1-api\""}}
[debug] [2024-08-23T14:26:08.738Z] [worker-us-central1-api-afffd4cb-99c6-4173-b197-1b0de8e233e8]: BUSY {"metadata":{"emulator":{"name":"functions"},"function":{"name":"us-central1-api"},"extension":{},"message":"[worker-us-central1-api-afffd4cb-99c6-4173-b197-1b0de8e233e8]: BUSY"}}
[debug] [2024-08-23T14:26:08.741Z] Finishing up request with event=pause {"metadata":{"emulator":{"name":"functions"},"function":{"name":"us-central1-api"},"extension":{},"message":"Finishing up request with event=pause"}}
[info] i  functions: Finished "us-central1-api" in 3.015458ms {"metadata":{"emulator":{"name":"functions"},"function":{"name":"us-central1-api"},"extension":{},"message":"Finished \"us-central1-api\" in 3.015458ms"}}
[debug] [2024-08-23T14:26:08.741Z] [worker-us-central1-api-afffd4cb-99c6-4173-b197-1b0de8e233e8]: IDLE {"metadata":{"emulator":{"name":"functions"},"function":{"name":"us-central1-api"},"extension":{},"message":"[worker-us-central1-api-afffd4cb-99c6-4173-b197-1b0de8e233e8]: IDLE"}}
[debug] [2024-08-23T14:26:08.741Z] Finishing up request with event=finish {"metadata":{"emulator":{"name":"functions"},"function":{"name":"us-central1-api"},"extension":{},"message":"Finishing up request with event=finish"}}
[debug] [2024-08-23T14:26:08.741Z] Finishing up request with event=close {"metadata":{"emulator":{"name":"functions"},"function":{"name":"us-central1-api"},"extension":{},"message":"Finishing up request with event=close"}}
[debug] [2024-08-23T14:26:08.741Z] [work-queue] {"queuedWork":[],"queueLength":0,"runningWork":[],"workRunningCount":0}
[debug] [2024-08-23T14:26:08.809Z] Functions emulator received unknown request at path /favicon.ico
[info] >  MongoDB connected {"user":"MongoDB connected","metadata":{"emulator":{"name":"functions"},"function":{"name":"us-central1-api"},"extension":{},"message":"\u001b[90m> \u001b[39m MongoDB connected"}}
[debug] [2024-08-23T14:26:29.653Z] [work-queue] {"queuedWork":["/test-client-server-db/us-central1/api-2024-08-23T14:26:29.652Z"],"queueLength":1,"runningWork":[],"workRunningCount":0}
[debug] [2024-08-23T14:26:29.653Z] [work-queue] {"queuedWork":[],"queueLength":0,"runningWork":["/test-client-server-db/us-central1/api-2024-08-23T14:26:29.652Z"],"workRunningCount":1}
[debug] [2024-08-23T14:26:29.653Z] Accepted request GET /test-client-server-db/us-central1/api --> us-central1-api
[debug] [2024-08-23T14:26:29.657Z] [functions] Runtime ready! Sending request! {"metadata":{"emulator":{"name":"functions"},"message":"[functions] Runtime ready! Sending request!"}}
[debug] [2024-08-23T14:26:29.657Z] [functions] Got req.url=/test-client-server-db/us-central1/api, mapping to path=/ {"metadata":{"emulator":{"name":"functions"},"message":"[functions] Got req.url=/test-client-server-db/us-central1/api, mapping to path=/"}}
[debug] [2024-08-23T14:26:29.657Z] [worker-pool] submitRequest(triggerId=us-central1-api) {"metadata":{"emulator":{"name":"functions"},"message":"[worker-pool] submitRequest(triggerId=us-central1-api)"}}
[info] i  functions: Beginning execution of "us-central1-api" {"metadata":{"emulator":{"name":"functions"},"function":{"name":"us-central1-api"},"extension":{},"message":"Beginning execution of \"us-central1-api\""}}
[debug] [2024-08-23T14:26:29.657Z] [worker-us-central1-api-afffd4cb-99c6-4173-b197-1b0de8e233e8]: BUSY {"metadata":{"emulator":{"name":"functions"},"function":{"name":"us-central1-api"},"extension":{},"message":"[worker-us-central1-api-afffd4cb-99c6-4173-b197-1b0de8e233e8]: BUSY"}}
[debug] [2024-08-23T14:26:29.662Z] Finishing up request with event=pause {"metadata":{"emulator":{"name":"functions"},"function":{"name":"us-central1-api"},"extension":{},"message":"Finishing up request with event=pause"}}
[info] i  functions: Finished "us-central1-api" in 4.502209ms {"metadata":{"emulator":{"name":"functions"},"function":{"name":"us-central1-api"},"extension":{},"message":"Finished \"us-central1-api\" in 4.502209ms"}}
[debug] [2024-08-23T14:26:29.662Z] [worker-us-central1-api-afffd4cb-99c6-4173-b197-1b0de8e233e8]: IDLE {"metadata":{"emulator":{"name":"functions"},"function":{"name":"us-central1-api"},"extension":{},"message":"[worker-us-central1-api-afffd4cb-99c6-4173-b197-1b0de8e233e8]: IDLE"}}
[debug] [2024-08-23T14:26:29.662Z] Finishing up request with event=finish {"metadata":{"emulator":{"name":"functions"},"function":{"name":"us-central1-api"},"extension":{},"message":"Finishing up request with event=finish"}}
[debug] [2024-08-23T14:26:29.662Z] Finishing up request with event=close {"metadata":{"emulator":{"name":"functions"},"function":{"name":"us-central1-api"},"extension":{},"message":"Finishing up request with event=close"}}
[debug] [2024-08-23T14:26:29.662Z] [work-queue] {"queuedWork":[],"queueLength":0,"runningWork":[],"workRunningCount":0}
[debug] [2024-08-23T14:26:32.543Z] [work-queue] {"queuedWork":["/test-client-server-db/us-central1/api/tasks-2024-08-23T14:26:32.543Z"],"queueLength":1,"runningWork":[],"workRunningCount":0}
[debug] [2024-08-23T14:26:32.543Z] [work-queue] {"queuedWork":[],"queueLength":0,"runningWork":["/test-client-server-db/us-central1/api/tasks-2024-08-23T14:26:32.543Z"],"workRunningCount":1}
[debug] [2024-08-23T14:26:32.543Z] Accepted request GET /test-client-server-db/us-central1/api/tasks --> us-central1-api
[debug] [2024-08-23T14:26:32.544Z] [functions] Runtime ready! Sending request! {"metadata":{"emulator":{"name":"functions"},"message":"[functions] Runtime ready! Sending request!"}}
[debug] [2024-08-23T14:26:32.544Z] [functions] Got req.url=/test-client-server-db/us-central1/api/tasks, mapping to path=/tasks {"metadata":{"emulator":{"name":"functions"},"message":"[functions] Got req.url=/test-client-server-db/us-central1/api/tasks, mapping to path=/tasks"}}
[debug] [2024-08-23T14:26:32.544Z] [worker-pool] submitRequest(triggerId=us-central1-api) {"metadata":{"emulator":{"name":"functions"},"message":"[worker-pool] submitRequest(triggerId=us-central1-api)"}}
[info] i  functions: Beginning execution of "us-central1-api" {"metadata":{"emulator":{"name":"functions"},"function":{"name":"us-central1-api"},"extension":{},"message":"Beginning execution of \"us-central1-api\""}}
[debug] [2024-08-23T14:26:32.544Z] [worker-us-central1-api-afffd4cb-99c6-4173-b197-1b0de8e233e8]: BUSY {"metadata":{"emulator":{"name":"functions"},"function":{"name":"us-central1-api"},"extension":{},"message":"[worker-us-central1-api-afffd4cb-99c6-4173-b197-1b0de8e233e8]: BUSY"}}
[debug] [2024-08-23T14:26:32.639Z] Finishing up request with event=pause {"metadata":{"emulator":{"name":"functions"},"function":{"name":"us-central1-api"},"extension":{},"message":"Finishing up request with event=pause"}}
[info] i  functions: Finished "us-central1-api" in 95.113792ms {"metadata":{"emulator":{"name":"functions"},"function":{"name":"us-central1-api"},"extension":{},"message":"Finished \"us-central1-api\" in 95.113792ms"}}
[debug] [2024-08-23T14:26:32.640Z] [worker-us-central1-api-afffd4cb-99c6-4173-b197-1b0de8e233e8]: IDLE {"metadata":{"emulator":{"name":"functions"},"function":{"name":"us-central1-api"},"extension":{},"message":"[worker-us-central1-api-afffd4cb-99c6-4173-b197-1b0de8e233e8]: IDLE"}}
[debug] [2024-08-23T14:26:32.640Z] Finishing up request with event=finish {"metadata":{"emulator":{"name":"functions"},"function":{"name":"us-central1-api"},"extension":{},"message":"Finishing up request with event=finish"}}
[debug] [2024-08-23T14:26:32.640Z] Finishing up request with event=close {"metadata":{"emulator":{"name":"functions"},"function":{"name":"us-central1-api"},"extension":{},"message":"Finishing up request with event=close"}}
[debug] [2024-08-23T14:26:32.640Z] [work-queue] {"queuedWork":[],"queueLength":0,"runningWork":[],"workRunningCount":0}
[debug] [2024-08-23T14:26:32.640Z] [work-queue] {"queuedWork":["/test-client-server-db/us-central1/api/tasks-2024-08-23T14:26:32.640Z"],"queueLength":1,"runningWork":[],"workRunningCount":0}
[debug] [2024-08-23T14:26:32.641Z] [work-queue] {"queuedWork":[],"queueLength":0,"runningWork":["/test-client-server-db/us-central1/api/tasks-2024-08-23T14:26:32.640Z"],"workRunningCount":1}
[debug] [2024-08-23T14:26:32.641Z] Accepted request GET /test-client-server-db/us-central1/api/tasks --> us-central1-api
[debug] [2024-08-23T14:26:32.642Z] [functions] Runtime ready! Sending request! {"metadata":{"emulator":{"name":"functions"},"message":"[functions] Runtime ready! Sending request!"}}
[debug] [2024-08-23T14:26:32.642Z] [functions] Got req.url=/test-client-server-db/us-central1/api/tasks, mapping to path=/tasks {"metadata":{"emulator":{"name":"functions"},"message":"[functions] Got req.url=/test-client-server-db/us-central1/api/tasks, mapping to path=/tasks"}}
[debug] [2024-08-23T14:26:32.642Z] [worker-pool] submitRequest(triggerId=us-central1-api) {"metadata":{"emulator":{"name":"functions"},"message":"[worker-pool] submitRequest(triggerId=us-central1-api)"}}
[info] i  functions: Beginning execution of "us-central1-api" {"metadata":{"emulator":{"name":"functions"},"function":{"name":"us-central1-api"},"extension":{},"message":"Beginning execution of \"us-central1-api\""}}
[debug] [2024-08-23T14:26:32.642Z] [worker-us-central1-api-afffd4cb-99c6-4173-b197-1b0de8e233e8]: BUSY {"metadata":{"emulator":{"name":"functions"},"function":{"name":"us-central1-api"},"extension":{},"message":"[worker-us-central1-api-afffd4cb-99c6-4173-b197-1b0de8e233e8]: BUSY"}}
[debug] [2024-08-23T14:26:32.722Z] Finishing up request with event=pause {"metadata":{"emulator":{"name":"functions"},"function":{"name":"us-central1-api"},"extension":{},"message":"Finishing up request with event=pause"}}
[info] i  functions: Finished "us-central1-api" in 80.130959ms {"metadata":{"emulator":{"name":"functions"},"function":{"name":"us-central1-api"},"extension":{},"message":"Finished \"us-central1-api\" in 80.130959ms"}}
[debug] [2024-08-23T14:26:32.723Z] [worker-us-central1-api-afffd4cb-99c6-4173-b197-1b0de8e233e8]: IDLE {"metadata":{"emulator":{"name":"functions"},"function":{"name":"us-central1-api"},"extension":{},"message":"[worker-us-central1-api-afffd4cb-99c6-4173-b197-1b0de8e233e8]: IDLE"}}
[debug] [2024-08-23T14:26:32.723Z] Finishing up request with event=finish {"metadata":{"emulator":{"name":"functions"},"function":{"name":"us-central1-api"},"extension":{},"message":"Finishing up request with event=finish"}}
[debug] [2024-08-23T14:26:32.723Z] Finishing up request with event=close {"metadata":{"emulator":{"name":"functions"},"function":{"name":"us-central1-api"},"extension":{},"message":"Finishing up request with event=close"}}
[debug] [2024-08-23T14:26:32.723Z] [work-queue] {"queuedWork":[],"queueLength":0,"runningWork":[],"workRunningCount":0}
[debug] [2024-08-23T14:26:35.535Z] [work-queue] {"queuedWork":["/test-client-server-db/us-central1/api/tasks-2024-08-23T14:26:35.535Z"],"queueLength":1,"runningWork":[],"workRunningCount":0}
[debug] [2024-08-23T14:26:35.535Z] [work-queue] {"queuedWork":[],"queueLength":0,"runningWork":["/test-client-server-db/us-central1/api/tasks-2024-08-23T14:26:35.535Z"],"workRunningCount":1}
[debug] [2024-08-23T14:26:35.535Z] Accepted request GET /test-client-server-db/us-central1/api/tasks --> us-central1-api
[debug] [2024-08-23T14:26:35.538Z] [functions] Runtime ready! Sending request! {"metadata":{"emulator":{"name":"functions"},"message":"[functions] Runtime ready! Sending request!"}}
[debug] [2024-08-23T14:26:35.539Z] [functions] Got req.url=/test-client-server-db/us-central1/api/tasks, mapping to path=/tasks {"metadata":{"emulator":{"name":"functions"},"message":"[functions] Got req.url=/test-client-server-db/us-central1/api/tasks, mapping to path=/tasks"}}
[debug] [2024-08-23T14:26:35.539Z] [worker-pool] submitRequest(triggerId=us-central1-api) {"metadata":{"emulator":{"name":"functions"},"message":"[worker-pool] submitRequest(triggerId=us-central1-api)"}}
[info] i  functions: Beginning execution of "us-central1-api" {"metadata":{"emulator":{"name":"functions"},"function":{"name":"us-central1-api"},"extension":{},"message":"Beginning execution of \"us-central1-api\""}}
[debug] [2024-08-23T14:26:35.539Z] [worker-us-central1-api-afffd4cb-99c6-4173-b197-1b0de8e233e8]: BUSY {"metadata":{"emulator":{"name":"functions"},"function":{"name":"us-central1-api"},"extension":{},"message":"[worker-us-central1-api-afffd4cb-99c6-4173-b197-1b0de8e233e8]: BUSY"}}
[debug] [2024-08-23T14:26:35.650Z] Finishing up request with event=pause {"metadata":{"emulator":{"name":"functions"},"function":{"name":"us-central1-api"},"extension":{},"message":"Finishing up request with event=pause"}}
[info] i  functions: Finished "us-central1-api" in 110.916625ms {"metadata":{"emulator":{"name":"functions"},"function":{"name":"us-central1-api"},"extension":{},"message":"Finished \"us-central1-api\" in 110.916625ms"}}
[debug] [2024-08-23T14:26:35.650Z] [worker-us-central1-api-afffd4cb-99c6-4173-b197-1b0de8e233e8]: IDLE {"metadata":{"emulator":{"name":"functions"},"function":{"name":"us-central1-api"},"extension":{},"message":"[worker-us-central1-api-afffd4cb-99c6-4173-b197-1b0de8e233e8]: IDLE"}}
[debug] [2024-08-23T14:26:35.650Z] Finishing up request with event=finish {"metadata":{"emulator":{"name":"functions"},"function":{"name":"us-central1-api"},"extension":{},"message":"Finishing up request with event=finish"}}
[debug] [2024-08-23T14:26:35.650Z] Finishing up request with event=close {"metadata":{"emulator":{"name":"functions"},"function":{"name":"us-central1-api"},"extension":{},"message":"Finishing up request with event=close"}}
[debug] [2024-08-23T14:26:35.650Z] [work-queue] {"queuedWork":[],"queueLength":0,"runningWork":[],"workRunningCount":0}
[debug] [2024-08-23T14:26:35.651Z] [work-queue] {"queuedWork":["/test-client-server-db/us-central1/api/tasks-2024-08-23T14:26:35.651Z"],"queueLength":1,"runningWork":[],"workRunningCount":0}
[debug] [2024-08-23T14:26:35.651Z] [work-queue] {"queuedWork":[],"queueLength":0,"runningWork":["/test-client-server-db/us-central1/api/tasks-2024-08-23T14:26:35.651Z"],"workRunningCount":1}
[debug] [2024-08-23T14:26:35.651Z] Accepted request GET /test-client-server-db/us-central1/api/tasks --> us-central1-api
[debug] [2024-08-23T14:26:35.654Z] [functions] Runtime ready! Sending request! {"metadata":{"emulator":{"name":"functions"},"message":"[functions] Runtime ready! Sending request!"}}
[debug] [2024-08-23T14:26:35.654Z] [functions] Got req.url=/test-client-server-db/us-central1/api/tasks, mapping to path=/tasks {"metadata":{"emulator":{"name":"functions"},"message":"[functions] Got req.url=/test-client-server-db/us-central1/api/tasks, mapping to path=/tasks"}}
[debug] [2024-08-23T14:26:35.654Z] [worker-pool] submitRequest(triggerId=us-central1-api) {"metadata":{"emulator":{"name":"functions"},"message":"[worker-pool] submitRequest(triggerId=us-central1-api)"}}
[info] i  functions: Beginning execution of "us-central1-api" {"metadata":{"emulator":{"name":"functions"},"function":{"name":"us-central1-api"},"extension":{},"message":"Beginning execution of \"us-central1-api\""}}
[debug] [2024-08-23T14:26:35.654Z] [worker-us-central1-api-afffd4cb-99c6-4173-b197-1b0de8e233e8]: BUSY {"metadata":{"emulator":{"name":"functions"},"function":{"name":"us-central1-api"},"extension":{},"message":"[worker-us-central1-api-afffd4cb-99c6-4173-b197-1b0de8e233e8]: BUSY"}}
[debug] [2024-08-23T14:26:35.722Z] Finishing up request with event=pause {"metadata":{"emulator":{"name":"functions"},"function":{"name":"us-central1-api"},"extension":{},"message":"Finishing up request with event=pause"}}
[info] i  functions: Finished "us-central1-api" in 68.293041ms {"metadata":{"emulator":{"name":"functions"},"function":{"name":"us-central1-api"},"extension":{},"message":"Finished \"us-central1-api\" in 68.293041ms"}}
[debug] [2024-08-23T14:26:35.723Z] [worker-us-central1-api-afffd4cb-99c6-4173-b197-1b0de8e233e8]: IDLE {"metadata":{"emulator":{"name":"functions"},"function":{"name":"us-central1-api"},"extension":{},"message":"[worker-us-central1-api-afffd4cb-99c6-4173-b197-1b0de8e233e8]: IDLE"}}
[debug] [2024-08-23T14:26:35.723Z] Finishing up request with event=finish {"metadata":{"emulator":{"name":"functions"},"function":{"name":"us-central1-api"},"extension":{},"message":"Finishing up request with event=finish"}}
[debug] [2024-08-23T14:26:35.723Z] Finishing up request with event=close {"metadata":{"emulator":{"name":"functions"},"function":{"name":"us-central1-api"},"extension":{},"message":"Finishing up request with event=close"}}
[debug] [2024-08-23T14:26:35.723Z] [work-queue] {"queuedWork":[],"queueLength":0,"runningWork":[],"workRunningCount":0}
[debug] [2024-08-23T14:26:39.639Z] [work-queue] {"queuedWork":["/test-client-server-db/us-central1/api/tasks-2024-08-23T14:26:39.639Z"],"queueLength":1,"runningWork":[],"workRunningCount":0}
[debug] [2024-08-23T14:26:39.639Z] [work-queue] {"queuedWork":[],"queueLength":0,"runningWork":["/test-client-server-db/us-central1/api/tasks-2024-08-23T14:26:39.639Z"],"workRunningCount":1}
[debug] [2024-08-23T14:26:39.639Z] Accepted request GET /test-client-server-db/us-central1/api/tasks --> us-central1-api
[debug] [2024-08-23T14:26:39.642Z] [functions] Runtime ready! Sending request! {"metadata":{"emulator":{"name":"functions"},"message":"[functions] Runtime ready! Sending request!"}}
[debug] [2024-08-23T14:26:39.642Z] [functions] Got req.url=/test-client-server-db/us-central1/api/tasks, mapping to path=/tasks {"metadata":{"emulator":{"name":"functions"},"message":"[functions] Got req.url=/test-client-server-db/us-central1/api/tasks, mapping to path=/tasks"}}
[debug] [2024-08-23T14:26:39.642Z] [worker-pool] submitRequest(triggerId=us-central1-api) {"metadata":{"emulator":{"name":"functions"},"message":"[worker-pool] submitRequest(triggerId=us-central1-api)"}}
[info] i  functions: Beginning execution of "us-central1-api" {"metadata":{"emulator":{"name":"functions"},"function":{"name":"us-central1-api"},"extension":{},"message":"Beginning execution of \"us-central1-api\""}}
[debug] [2024-08-23T14:26:39.642Z] [worker-us-central1-api-afffd4cb-99c6-4173-b197-1b0de8e233e8]: BUSY {"metadata":{"emulator":{"name":"functions"},"function":{"name":"us-central1-api"},"extension":{},"message":"[worker-us-central1-api-afffd4cb-99c6-4173-b197-1b0de8e233e8]: BUSY"}}
[debug] [2024-08-23T14:26:39.729Z] Finishing up request with event=pause {"metadata":{"emulator":{"name":"functions"},"function":{"name":"us-central1-api"},"extension":{},"message":"Finishing up request with event=pause"}}
[info] i  functions: Finished "us-central1-api" in 86.588625ms {"metadata":{"emulator":{"name":"functions"},"function":{"name":"us-central1-api"},"extension":{},"message":"Finished \"us-central1-api\" in 86.588625ms"}}
[debug] [2024-08-23T14:26:39.729Z] [worker-us-central1-api-afffd4cb-99c6-4173-b197-1b0de8e233e8]: IDLE {"metadata":{"emulator":{"name":"functions"},"function":{"name":"us-central1-api"},"extension":{},"message":"[worker-us-central1-api-afffd4cb-99c6-4173-b197-1b0de8e233e8]: IDLE"}}
[debug] [2024-08-23T14:26:39.729Z] Finishing up request with event=finish {"metadata":{"emulator":{"name":"functions"},"function":{"name":"us-central1-api"},"extension":{},"message":"Finishing up request with event=finish"}}
[debug] [2024-08-23T14:26:39.729Z] Finishing up request with event=close {"metadata":{"emulator":{"name":"functions"},"function":{"name":"us-central1-api"},"extension":{},"message":"Finishing up request with event=close"}}
[debug] [2024-08-23T14:26:39.729Z] [work-queue] {"queuedWork":[],"queueLength":0,"runningWork":[],"workRunningCount":0}
[debug] [2024-08-23T14:26:39.730Z] [work-queue] {"queuedWork":["/test-client-server-db/us-central1/api/tasks-2024-08-23T14:26:39.730Z"],"queueLength":1,"runningWork":[],"workRunningCount":0}
[debug] [2024-08-23T14:26:39.730Z] [work-queue] {"queuedWork":[],"queueLength":0,"runningWork":["/test-client-server-db/us-central1/api/tasks-2024-08-23T14:26:39.730Z"],"workRunningCount":1}
[debug] [2024-08-23T14:26:39.730Z] Accepted request GET /test-client-server-db/us-central1/api/tasks --> us-central1-api
[debug] [2024-08-23T14:26:39.732Z] [functions] Runtime ready! Sending request! {"metadata":{"emulator":{"name":"functions"},"message":"[functions] Runtime ready! Sending request!"}}
[debug] [2024-08-23T14:26:39.732Z] [functions] Got req.url=/test-client-server-db/us-central1/api/tasks, mapping to path=/tasks {"metadata":{"emulator":{"name":"functions"},"message":"[functions] Got req.url=/test-client-server-db/us-central1/api/tasks, mapping to path=/tasks"}}
[debug] [2024-08-23T14:26:39.733Z] [worker-pool] submitRequest(triggerId=us-central1-api) {"metadata":{"emulator":{"name":"functions"},"message":"[worker-pool] submitRequest(triggerId=us-central1-api)"}}
[info] i  functions: Beginning execution of "us-central1-api" {"metadata":{"emulator":{"name":"functions"},"function":{"name":"us-central1-api"},"extension":{},"message":"Beginning execution of \"us-central1-api\""}}
[debug] [2024-08-23T14:26:39.733Z] [worker-us-central1-api-afffd4cb-99c6-4173-b197-1b0de8e233e8]: BUSY {"metadata":{"emulator":{"name":"functions"},"function":{"name":"us-central1-api"},"extension":{},"message":"[worker-us-central1-api-afffd4cb-99c6-4173-b197-1b0de8e233e8]: BUSY"}}
[debug] [2024-08-23T14:26:39.801Z] Finishing up request with event=pause {"metadata":{"emulator":{"name":"functions"},"function":{"name":"us-central1-api"},"extension":{},"message":"Finishing up request with event=pause"}}
[info] i  functions: Finished "us-central1-api" in 68.193167ms {"metadata":{"emulator":{"name":"functions"},"function":{"name":"us-central1-api"},"extension":{},"message":"Finished \"us-central1-api\" in 68.193167ms"}}
[debug] [2024-08-23T14:26:39.801Z] [worker-us-central1-api-afffd4cb-99c6-4173-b197-1b0de8e233e8]: IDLE {"metadata":{"emulator":{"name":"functions"},"function":{"name":"us-central1-api"},"extension":{},"message":"[worker-us-central1-api-afffd4cb-99c6-4173-b197-1b0de8e233e8]: IDLE"}}
[debug] [2024-08-23T14:26:39.801Z] Finishing up request with event=finish {"metadata":{"emulator":{"name":"functions"},"function":{"name":"us-central1-api"},"extension":{},"message":"Finishing up request with event=finish"}}
[debug] [2024-08-23T14:26:39.801Z] Finishing up request with event=close {"metadata":{"emulator":{"name":"functions"},"function":{"name":"us-central1-api"},"extension":{},"message":"Finishing up request with event=close"}}
[debug] [2024-08-23T14:26:39.801Z] [work-queue] {"queuedWork":[],"queueLength":0,"runningWork":[],"workRunningCount":0}
[debug] [2024-08-23T14:26:41.956Z] [work-queue] {"queuedWork":["/test-client-server-db/us-central1/api/tasks-2024-08-23T14:26:41.956Z"],"queueLength":1,"runningWork":[],"workRunningCount":0}
[debug] [2024-08-23T14:26:41.957Z] [work-queue] {"queuedWork":[],"queueLength":0,"runningWork":["/test-client-server-db/us-central1/api/tasks-2024-08-23T14:26:41.956Z"],"workRunningCount":1}
[debug] [2024-08-23T14:26:41.957Z] Accepted request GET /test-client-server-db/us-central1/api/tasks --> us-central1-api
[debug] [2024-08-23T14:26:41.959Z] [functions] Runtime ready! Sending request! {"metadata":{"emulator":{"name":"functions"},"message":"[functions] Runtime ready! Sending request!"}}
[debug] [2024-08-23T14:26:41.959Z] [functions] Got req.url=/test-client-server-db/us-central1/api/tasks, mapping to path=/tasks {"metadata":{"emulator":{"name":"functions"},"message":"[functions] Got req.url=/test-client-server-db/us-central1/api/tasks, mapping to path=/tasks"}}
[debug] [2024-08-23T14:26:41.960Z] [worker-pool] submitRequest(triggerId=us-central1-api) {"metadata":{"emulator":{"name":"functions"},"message":"[worker-pool] submitRequest(triggerId=us-central1-api)"}}
[info] i  functions: Beginning execution of "us-central1-api" {"metadata":{"emulator":{"name":"functions"},"function":{"name":"us-central1-api"},"extension":{},"message":"Beginning execution of \"us-central1-api\""}}
[debug] [2024-08-23T14:26:41.960Z] [worker-us-central1-api-afffd4cb-99c6-4173-b197-1b0de8e233e8]: BUSY {"metadata":{"emulator":{"name":"functions"},"function":{"name":"us-central1-api"},"extension":{},"message":"[worker-us-central1-api-afffd4cb-99c6-4173-b197-1b0de8e233e8]: BUSY"}}
[debug] [2024-08-23T14:26:42.070Z] Finishing up request with event=pause {"metadata":{"emulator":{"name":"functions"},"function":{"name":"us-central1-api"},"extension":{},"message":"Finishing up request with event=pause"}}
[info] i  functions: Finished "us-central1-api" in 110.553ms {"metadata":{"emulator":{"name":"functions"},"function":{"name":"us-central1-api"},"extension":{},"message":"Finished \"us-central1-api\" in 110.553ms"}}
[debug] [2024-08-23T14:26:42.070Z] [worker-us-central1-api-afffd4cb-99c6-4173-b197-1b0de8e233e8]: IDLE {"metadata":{"emulator":{"name":"functions"},"function":{"name":"us-central1-api"},"extension":{},"message":"[worker-us-central1-api-afffd4cb-99c6-4173-b197-1b0de8e233e8]: IDLE"}}
[debug] [2024-08-23T14:26:42.071Z] Finishing up request with event=finish {"metadata":{"emulator":{"name":"functions"},"function":{"name":"us-central1-api"},"extension":{},"message":"Finishing up request with event=finish"}}
[debug] [2024-08-23T14:26:42.071Z] Finishing up request with event=close {"metadata":{"emulator":{"name":"functions"},"function":{"name":"us-central1-api"},"extension":{},"message":"Finishing up request with event=close"}}
[debug] [2024-08-23T14:26:42.071Z] [work-queue] {"queuedWork":[],"queueLength":0,"runningWork":[],"workRunningCount":0}
[debug] [2024-08-23T14:26:42.071Z] [work-queue] {"queuedWork":["/test-client-server-db/us-central1/api/tasks-2024-08-23T14:26:42.071Z"],"queueLength":1,"runningWork":[],"workRunningCount":0}
[debug] [2024-08-23T14:26:42.071Z] [work-queue] {"queuedWork":[],"queueLength":0,"runningWork":["/test-client-server-db/us-central1/api/tasks-2024-08-23T14:26:42.071Z"],"workRunningCount":1}
[debug] [2024-08-23T14:26:42.071Z] Accepted request GET /test-client-server-db/us-central1/api/tasks --> us-central1-api
[debug] [2024-08-23T14:26:42.074Z] [functions] Runtime ready! Sending request! {"metadata":{"emulator":{"name":"functions"},"message":"[functions] Runtime ready! Sending request!"}}
[debug] [2024-08-23T14:26:42.074Z] [functions] Got req.url=/test-client-server-db/us-central1/api/tasks, mapping to path=/tasks {"metadata":{"emulator":{"name":"functions"},"message":"[functions] Got req.url=/test-client-server-db/us-central1/api/tasks, mapping to path=/tasks"}}
[debug] [2024-08-23T14:26:42.074Z] [worker-pool] submitRequest(triggerId=us-central1-api) {"metadata":{"emulator":{"name":"functions"},"message":"[worker-pool] submitRequest(triggerId=us-central1-api)"}}
[info] i  functions: Beginning execution of "us-central1-api" {"metadata":{"emulator":{"name":"functions"},"function":{"name":"us-central1-api"},"extension":{},"message":"Beginning execution of \"us-central1-api\""}}
[debug] [2024-08-23T14:26:42.075Z] [worker-us-central1-api-afffd4cb-99c6-4173-b197-1b0de8e233e8]: BUSY {"metadata":{"emulator":{"name":"functions"},"function":{"name":"us-central1-api"},"extension":{},"message":"[worker-us-central1-api-afffd4cb-99c6-4173-b197-1b0de8e233e8]: BUSY"}}
[debug] [2024-08-23T14:26:42.151Z] Finishing up request with event=pause {"metadata":{"emulator":{"name":"functions"},"function":{"name":"us-central1-api"},"extension":{},"message":"Finishing up request with event=pause"}}
[info] i  functions: Finished "us-central1-api" in 76.410042ms {"metadata":{"emulator":{"name":"functions"},"function":{"name":"us-central1-api"},"extension":{},"message":"Finished \"us-central1-api\" in 76.410042ms"}}
[debug] [2024-08-23T14:26:42.151Z] [worker-us-central1-api-afffd4cb-99c6-4173-b197-1b0de8e233e8]: IDLE {"metadata":{"emulator":{"name":"functions"},"function":{"name":"us-central1-api"},"extension":{},"message":"[worker-us-central1-api-afffd4cb-99c6-4173-b197-1b0de8e233e8]: IDLE"}}
[debug] [2024-08-23T14:26:42.151Z] Finishing up request with event=finish {"metadata":{"emulator":{"name":"functions"},"function":{"name":"us-central1-api"},"extension":{},"message":"Finishing up request with event=finish"}}
[debug] [2024-08-23T14:26:42.151Z] Finishing up request with event=close {"metadata":{"emulator":{"name":"functions"},"function":{"name":"us-central1-api"},"extension":{},"message":"Finishing up request with event=close"}}
[debug] [2024-08-23T14:26:42.152Z] [work-queue] {"queuedWork":[],"queueLength":0,"runningWork":[],"workRunningCount":0}
[debug] [2024-08-23T14:28:15.481Z] [work-queue] {"queuedWork":["/test-client-server-db/us-central1/api/tasks-2024-08-23T14:28:15.481Z"],"queueLength":1,"runningWork":[],"workRunningCount":0}
[debug] [2024-08-23T14:28:15.482Z] [work-queue] {"queuedWork":[],"queueLength":0,"runningWork":["/test-client-server-db/us-central1/api/tasks-2024-08-23T14:28:15.481Z"],"workRunningCount":1}
[debug] [2024-08-23T14:28:15.482Z] Accepted request GET /test-client-server-db/us-central1/api/tasks --> us-central1-api
[debug] [2024-08-23T14:28:15.483Z] [functions] Runtime ready! Sending request! {"metadata":{"emulator":{"name":"functions"},"message":"[functions] Runtime ready! Sending request!"}}
[debug] [2024-08-23T14:28:15.483Z] [functions] Got req.url=/test-client-server-db/us-central1/api/tasks, mapping to path=/tasks {"metadata":{"emulator":{"name":"functions"},"message":"[functions] Got req.url=/test-client-server-db/us-central1/api/tasks, mapping to path=/tasks"}}
[debug] [2024-08-23T14:28:15.483Z] [worker-pool] submitRequest(triggerId=us-central1-api) {"metadata":{"emulator":{"name":"functions"},"message":"[worker-pool] submitRequest(triggerId=us-central1-api)"}}
[info] i  functions: Beginning execution of "us-central1-api" {"metadata":{"emulator":{"name":"functions"},"function":{"name":"us-central1-api"},"extension":{},"message":"Beginning execution of \"us-central1-api\""}}
[debug] [2024-08-23T14:28:15.483Z] [worker-us-central1-api-afffd4cb-99c6-4173-b197-1b0de8e233e8]: BUSY {"metadata":{"emulator":{"name":"functions"},"function":{"name":"us-central1-api"},"extension":{},"message":"[worker-us-central1-api-afffd4cb-99c6-4173-b197-1b0de8e233e8]: BUSY"}}
[debug] [2024-08-23T14:28:15.557Z] Finishing up request with event=pause {"metadata":{"emulator":{"name":"functions"},"function":{"name":"us-central1-api"},"extension":{},"message":"Finishing up request with event=pause"}}
[info] i  functions: Finished "us-central1-api" in 74.060458ms {"metadata":{"emulator":{"name":"functions"},"function":{"name":"us-central1-api"},"extension":{},"message":"Finished \"us-central1-api\" in 74.060458ms"}}
[debug] [2024-08-23T14:28:15.558Z] [worker-us-central1-api-afffd4cb-99c6-4173-b197-1b0de8e233e8]: IDLE {"metadata":{"emulator":{"name":"functions"},"function":{"name":"us-central1-api"},"extension":{},"message":"[worker-us-central1-api-afffd4cb-99c6-4173-b197-1b0de8e233e8]: IDLE"}}
[debug] [2024-08-23T14:28:15.558Z] Finishing up request with event=finish {"metadata":{"emulator":{"name":"functions"},"function":{"name":"us-central1-api"},"extension":{},"message":"Finishing up request with event=finish"}}
[debug] [2024-08-23T14:28:15.558Z] Finishing up request with event=close {"metadata":{"emulator":{"name":"functions"},"function":{"name":"us-central1-api"},"extension":{},"message":"Finishing up request with event=close"}}
[debug] [2024-08-23T14:28:15.558Z] [work-queue] {"queuedWork":[],"queueLength":0,"runningWork":[],"workRunningCount":0}
[debug] [2024-08-23T14:28:15.558Z] [work-queue] {"queuedWork":["/test-client-server-db/us-central1/api/tasks-2024-08-23T14:28:15.558Z"],"queueLength":1,"runningWork":[],"workRunningCount":0}
[debug] [2024-08-23T14:28:15.558Z] [work-queue] {"queuedWork":[],"queueLength":0,"runningWork":["/test-client-server-db/us-central1/api/tasks-2024-08-23T14:28:15.558Z"],"workRunningCount":1}
[debug] [2024-08-23T14:28:15.558Z] Accepted request GET /test-client-server-db/us-central1/api/tasks --> us-central1-api
[debug] [2024-08-23T14:28:15.559Z] [functions] Runtime ready! Sending request! {"metadata":{"emulator":{"name":"functions"},"message":"[functions] Runtime ready! Sending request!"}}
[debug] [2024-08-23T14:28:15.559Z] [functions] Got req.url=/test-client-server-db/us-central1/api/tasks, mapping to path=/tasks {"metadata":{"emulator":{"name":"functions"},"message":"[functions] Got req.url=/test-client-server-db/us-central1/api/tasks, mapping to path=/tasks"}}
[debug] [2024-08-23T14:28:15.559Z] [worker-pool] submitRequest(triggerId=us-central1-api) {"metadata":{"emulator":{"name":"functions"},"message":"[worker-pool] submitRequest(triggerId=us-central1-api)"}}
[info] i  functions: Beginning execution of "us-central1-api" {"metadata":{"emulator":{"name":"functions"},"function":{"name":"us-central1-api"},"extension":{},"message":"Beginning execution of \"us-central1-api\""}}
[debug] [2024-08-23T14:28:15.559Z] [worker-us-central1-api-afffd4cb-99c6-4173-b197-1b0de8e233e8]: BUSY {"metadata":{"emulator":{"name":"functions"},"function":{"name":"us-central1-api"},"extension":{},"message":"[worker-us-central1-api-afffd4cb-99c6-4173-b197-1b0de8e233e8]: BUSY"}}
[debug] [2024-08-23T14:28:15.636Z] Finishing up request with event=pause {"metadata":{"emulator":{"name":"functions"},"function":{"name":"us-central1-api"},"extension":{},"message":"Finishing up request with event=pause"}}
[info] i  functions: Finished "us-central1-api" in 76.617333ms {"metadata":{"emulator":{"name":"functions"},"function":{"name":"us-central1-api"},"extension":{},"message":"Finished \"us-central1-api\" in 76.617333ms"}}
[debug] [2024-08-23T14:28:15.636Z] [worker-us-central1-api-afffd4cb-99c6-4173-b197-1b0de8e233e8]: IDLE {"metadata":{"emulator":{"name":"functions"},"function":{"name":"us-central1-api"},"extension":{},"message":"[worker-us-central1-api-afffd4cb-99c6-4173-b197-1b0de8e233e8]: IDLE"}}
[debug] [2024-08-23T14:28:15.636Z] Finishing up request with event=finish {"metadata":{"emulator":{"name":"functions"},"function":{"name":"us-central1-api"},"extension":{},"message":"Finishing up request with event=finish"}}
[debug] [2024-08-23T14:28:15.636Z] Finishing up request with event=close {"metadata":{"emulator":{"name":"functions"},"function":{"name":"us-central1-api"},"extension":{},"message":"Finishing up request with event=close"}}
[debug] [2024-08-23T14:28:15.636Z] [work-queue] {"queuedWork":[],"queueLength":0,"runningWork":[],"workRunningCount":0}
[debug] [2024-08-23T14:28:30.106Z] [work-queue] {"queuedWork":["/test-client-server-db/us-central1/api/tasks-2024-08-23T14:28:30.106Z"],"queueLength":1,"runningWork":[],"workRunningCount":0}
[debug] [2024-08-23T14:28:30.107Z] [work-queue] {"queuedWork":[],"queueLength":0,"runningWork":["/test-client-server-db/us-central1/api/tasks-2024-08-23T14:28:30.106Z"],"workRunningCount":1}
[debug] [2024-08-23T14:28:30.107Z] Accepted request OPTIONS /test-client-server-db/us-central1/api/tasks --> us-central1-api
[debug] [2024-08-23T14:28:30.110Z] [functions] Runtime ready! Sending request! {"metadata":{"emulator":{"name":"functions"},"message":"[functions] Runtime ready! Sending request!"}}
[debug] [2024-08-23T14:28:30.111Z] [functions] Got req.url=/test-client-server-db/us-central1/api/tasks, mapping to path=/tasks {"metadata":{"emulator":{"name":"functions"},"message":"[functions] Got req.url=/test-client-server-db/us-central1/api/tasks, mapping to path=/tasks"}}
[debug] [2024-08-23T14:28:30.111Z] [worker-pool] submitRequest(triggerId=us-central1-api) {"metadata":{"emulator":{"name":"functions"},"message":"[worker-pool] submitRequest(triggerId=us-central1-api)"}}
[info] i  functions: Beginning execution of "us-central1-api" {"metadata":{"emulator":{"name":"functions"},"function":{"name":"us-central1-api"},"extension":{},"message":"Beginning execution of \"us-central1-api\""}}
[debug] [2024-08-23T14:28:30.111Z] [worker-us-central1-api-afffd4cb-99c6-4173-b197-1b0de8e233e8]: BUSY {"metadata":{"emulator":{"name":"functions"},"function":{"name":"us-central1-api"},"extension":{},"message":"[worker-us-central1-api-afffd4cb-99c6-4173-b197-1b0de8e233e8]: BUSY"}}
[debug] [2024-08-23T14:28:30.115Z] Finishing up request with event=pause {"metadata":{"emulator":{"name":"functions"},"function":{"name":"us-central1-api"},"extension":{},"message":"Finishing up request with event=pause"}}
[info] i  functions: Finished "us-central1-api" in 3.758959ms {"metadata":{"emulator":{"name":"functions"},"function":{"name":"us-central1-api"},"extension":{},"message":"Finished \"us-central1-api\" in 3.758959ms"}}
[debug] [2024-08-23T14:28:30.115Z] [worker-us-central1-api-afffd4cb-99c6-4173-b197-1b0de8e233e8]: IDLE {"metadata":{"emulator":{"name":"functions"},"function":{"name":"us-central1-api"},"extension":{},"message":"[worker-us-central1-api-afffd4cb-99c6-4173-b197-1b0de8e233e8]: IDLE"}}
[debug] [2024-08-23T14:28:30.115Z] Finishing up request with event=finish {"metadata":{"emulator":{"name":"functions"},"function":{"name":"us-central1-api"},"extension":{},"message":"Finishing up request with event=finish"}}
[debug] [2024-08-23T14:28:30.115Z] Finishing up request with event=close {"metadata":{"emulator":{"name":"functions"},"function":{"name":"us-central1-api"},"extension":{},"message":"Finishing up request with event=close"}}
[debug] [2024-08-23T14:28:30.115Z] [work-queue] {"queuedWork":[],"queueLength":0,"runningWork":[],"workRunningCount":0}
[debug] [2024-08-23T14:28:30.116Z] [work-queue] {"queuedWork":["/test-client-server-db/us-central1/api/tasks-2024-08-23T14:28:30.116Z"],"queueLength":1,"runningWork":[],"workRunningCount":0}
[debug] [2024-08-23T14:28:30.117Z] [work-queue] {"queuedWork":[],"queueLength":0,"runningWork":["/test-client-server-db/us-central1/api/tasks-2024-08-23T14:28:30.116Z"],"workRunningCount":1}
[debug] [2024-08-23T14:28:30.117Z] Accepted request POST /test-client-server-db/us-central1/api/tasks --> us-central1-api
[debug] [2024-08-23T14:28:30.120Z] [functions] Runtime ready! Sending request! {"metadata":{"emulator":{"name":"functions"},"message":"[functions] Runtime ready! Sending request!"}}
[debug] [2024-08-23T14:28:30.120Z] [functions] Got req.url=/test-client-server-db/us-central1/api/tasks, mapping to path=/tasks {"metadata":{"emulator":{"name":"functions"},"message":"[functions] Got req.url=/test-client-server-db/us-central1/api/tasks, mapping to path=/tasks"}}
[debug] [2024-08-23T14:28:30.120Z] [worker-pool] submitRequest(triggerId=us-central1-api) {"metadata":{"emulator":{"name":"functions"},"message":"[worker-pool] submitRequest(triggerId=us-central1-api)"}}
[info] i  functions: Beginning execution of "us-central1-api" {"metadata":{"emulator":{"name":"functions"},"function":{"name":"us-central1-api"},"extension":{},"message":"Beginning execution of \"us-central1-api\""}}
[debug] [2024-08-23T14:28:30.121Z] [worker-us-central1-api-afffd4cb-99c6-4173-b197-1b0de8e233e8]: BUSY {"metadata":{"emulator":{"name":"functions"},"function":{"name":"us-central1-api"},"extension":{},"message":"[worker-us-central1-api-afffd4cb-99c6-4173-b197-1b0de8e233e8]: BUSY"}}
[debug] [2024-08-23T14:28:30.253Z] Finishing up request with event=pause {"metadata":{"emulator":{"name":"functions"},"function":{"name":"us-central1-api"},"extension":{},"message":"Finishing up request with event=pause"}}
[info] i  functions: Finished "us-central1-api" in 132.27325ms {"metadata":{"emulator":{"name":"functions"},"function":{"name":"us-central1-api"},"extension":{},"message":"Finished \"us-central1-api\" in 132.27325ms"}}
[debug] [2024-08-23T14:28:30.253Z] [worker-us-central1-api-afffd4cb-99c6-4173-b197-1b0de8e233e8]: IDLE {"metadata":{"emulator":{"name":"functions"},"function":{"name":"us-central1-api"},"extension":{},"message":"[worker-us-central1-api-afffd4cb-99c6-4173-b197-1b0de8e233e8]: IDLE"}}
[debug] [2024-08-23T14:28:30.253Z] Finishing up request with event=finish {"metadata":{"emulator":{"name":"functions"},"function":{"name":"us-central1-api"},"extension":{},"message":"Finishing up request with event=finish"}}
[debug] [2024-08-23T14:28:30.254Z] Finishing up request with event=close {"metadata":{"emulator":{"name":"functions"},"function":{"name":"us-central1-api"},"extension":{},"message":"Finishing up request with event=close"}}
[debug] [2024-08-23T14:28:30.254Z] [work-queue] {"queuedWork":[],"queueLength":0,"runningWork":[],"workRunningCount":0}
[debug] [2024-08-23T14:31:30.557Z] [work-queue] {"queuedWork":["/test-client-server-db/us-central1/api/tasks-2024-08-23T14:31:30.557Z"],"queueLength":1,"runningWork":[],"workRunningCount":0}
[debug] [2024-08-23T14:31:30.558Z] [work-queue] {"queuedWork":[],"queueLength":0,"runningWork":["/test-client-server-db/us-central1/api/tasks-2024-08-23T14:31:30.557Z"],"workRunningCount":1}
[debug] [2024-08-23T14:31:30.558Z] Accepted request GET /test-client-server-db/us-central1/api/tasks --> us-central1-api
[debug] [2024-08-23T14:31:30.564Z] [functions] Runtime ready! Sending request! {"metadata":{"emulator":{"name":"functions"},"message":"[functions] Runtime ready! Sending request!"}}
[debug] [2024-08-23T14:31:30.564Z] [functions] Got req.url=/test-client-server-db/us-central1/api/tasks, mapping to path=/tasks {"metadata":{"emulator":{"name":"functions"},"message":"[functions] Got req.url=/test-client-server-db/us-central1/api/tasks, mapping to path=/tasks"}}
[debug] [2024-08-23T14:31:30.564Z] [worker-pool] submitRequest(triggerId=us-central1-api) {"metadata":{"emulator":{"name":"functions"},"message":"[worker-pool] submitRequest(triggerId=us-central1-api)"}}
[info] i  functions: Beginning execution of "us-central1-api" {"metadata":{"emulator":{"name":"functions"},"function":{"name":"us-central1-api"},"extension":{},"message":"Beginning execution of \"us-central1-api\""}}
[debug] [2024-08-23T14:31:30.565Z] [worker-us-central1-api-afffd4cb-99c6-4173-b197-1b0de8e233e8]: BUSY {"metadata":{"emulator":{"name":"functions"},"function":{"name":"us-central1-api"},"extension":{},"message":"[worker-us-central1-api-afffd4cb-99c6-4173-b197-1b0de8e233e8]: BUSY"}}
[debug] [2024-08-23T14:31:30.659Z] Finishing up request with event=pause {"metadata":{"emulator":{"name":"functions"},"function":{"name":"us-central1-api"},"extension":{},"message":"Finishing up request with event=pause"}}
[info] i  functions: Finished "us-central1-api" in 94.273834ms {"metadata":{"emulator":{"name":"functions"},"function":{"name":"us-central1-api"},"extension":{},"message":"Finished \"us-central1-api\" in 94.273834ms"}}
[debug] [2024-08-23T14:31:30.659Z] [worker-us-central1-api-afffd4cb-99c6-4173-b197-1b0de8e233e8]: IDLE {"metadata":{"emulator":{"name":"functions"},"function":{"name":"us-central1-api"},"extension":{},"message":"[worker-us-central1-api-afffd4cb-99c6-4173-b197-1b0de8e233e8]: IDLE"}}
[debug] [2024-08-23T14:31:30.659Z] Finishing up request with event=finish {"metadata":{"emulator":{"name":"functions"},"function":{"name":"us-central1-api"},"extension":{},"message":"Finishing up request with event=finish"}}
[debug] [2024-08-23T14:31:30.660Z] Finishing up request with event=close {"metadata":{"emulator":{"name":"functions"},"function":{"name":"us-central1-api"},"extension":{},"message":"Finishing up request with event=close"}}
[debug] [2024-08-23T14:31:30.660Z] [work-queue] {"queuedWork":[],"queueLength":0,"runningWork":[],"workRunningCount":0}
[debug] [2024-08-23T14:31:49.544Z] [work-queue] {"queuedWork":["/test-client-server-db/us-central1/api/tasks-2024-08-23T14:31:49.544Z"],"queueLength":1,"runningWork":[],"workRunningCount":0}
[debug] [2024-08-23T14:31:49.544Z] [work-queue] {"queuedWork":[],"queueLength":0,"runningWork":["/test-client-server-db/us-central1/api/tasks-2024-08-23T14:31:49.544Z"],"workRunningCount":1}
[debug] [2024-08-23T14:31:49.544Z] Accepted request GET /test-client-server-db/us-central1/api/tasks --> us-central1-api
[debug] [2024-08-23T14:31:49.548Z] [functions] Runtime ready! Sending request! {"metadata":{"emulator":{"name":"functions"},"message":"[functions] Runtime ready! Sending request!"}}
[debug] [2024-08-23T14:31:49.548Z] [functions] Got req.url=/test-client-server-db/us-central1/api/tasks, mapping to path=/tasks {"metadata":{"emulator":{"name":"functions"},"message":"[functions] Got req.url=/test-client-server-db/us-central1/api/tasks, mapping to path=/tasks"}}
[debug] [2024-08-23T14:31:49.548Z] [worker-pool] submitRequest(triggerId=us-central1-api) {"metadata":{"emulator":{"name":"functions"},"message":"[worker-pool] submitRequest(triggerId=us-central1-api)"}}
[info] i  functions: Beginning execution of "us-central1-api" {"metadata":{"emulator":{"name":"functions"},"function":{"name":"us-central1-api"},"extension":{},"message":"Beginning execution of \"us-central1-api\""}}
[debug] [2024-08-23T14:31:49.548Z] [worker-us-central1-api-afffd4cb-99c6-4173-b197-1b0de8e233e8]: BUSY {"metadata":{"emulator":{"name":"functions"},"function":{"name":"us-central1-api"},"extension":{},"message":"[worker-us-central1-api-afffd4cb-99c6-4173-b197-1b0de8e233e8]: BUSY"}}
[debug] [2024-08-23T14:31:49.655Z] Finishing up request with event=pause {"metadata":{"emulator":{"name":"functions"},"function":{"name":"us-central1-api"},"extension":{},"message":"Finishing up request with event=pause"}}
[info] i  functions: Finished "us-central1-api" in 107.47875ms {"metadata":{"emulator":{"name":"functions"},"function":{"name":"us-central1-api"},"extension":{},"message":"Finished \"us-central1-api\" in 107.47875ms"}}
[debug] [2024-08-23T14:31:49.656Z] [worker-us-central1-api-afffd4cb-99c6-4173-b197-1b0de8e233e8]: IDLE {"metadata":{"emulator":{"name":"functions"},"function":{"name":"us-central1-api"},"extension":{},"message":"[worker-us-central1-api-afffd4cb-99c6-4173-b197-1b0de8e233e8]: IDLE"}}
[debug] [2024-08-23T14:31:49.656Z] Finishing up request with event=finish {"metadata":{"emulator":{"name":"functions"},"function":{"name":"us-central1-api"},"extension":{},"message":"Finishing up request with event=finish"}}
[debug] [2024-08-23T14:31:49.656Z] Finishing up request with event=close {"metadata":{"emulator":{"name":"functions"},"function":{"name":"us-central1-api"},"extension":{},"message":"Finishing up request with event=close"}}
[debug] [2024-08-23T14:31:49.656Z] [work-queue] {"queuedWork":[],"queueLength":0,"runningWork":[],"workRunningCount":0}
[debug] [2024-08-23T14:32:05.543Z] [work-queue] {"queuedWork":["/test-client-server-db/us-central1/api/tasks-2024-08-23T14:32:05.543Z"],"queueLength":1,"runningWork":[],"workRunningCount":0}
[debug] [2024-08-23T14:32:05.543Z] [work-queue] {"queuedWork":[],"queueLength":0,"runningWork":["/test-client-server-db/us-central1/api/tasks-2024-08-23T14:32:05.543Z"],"workRunningCount":1}
[debug] [2024-08-23T14:32:05.543Z] Accepted request GET /test-client-server-db/us-central1/api/tasks --> us-central1-api
[debug] [2024-08-23T14:32:05.544Z] [functions] Runtime ready! Sending request! {"metadata":{"emulator":{"name":"functions"},"message":"[functions] Runtime ready! Sending request!"}}
[debug] [2024-08-23T14:32:05.544Z] [functions] Got req.url=/test-client-server-db/us-central1/api/tasks, mapping to path=/tasks {"metadata":{"emulator":{"name":"functions"},"message":"[functions] Got req.url=/test-client-server-db/us-central1/api/tasks, mapping to path=/tasks"}}
[debug] [2024-08-23T14:32:05.544Z] [worker-pool] submitRequest(triggerId=us-central1-api) {"metadata":{"emulator":{"name":"functions"},"message":"[worker-pool] submitRequest(triggerId=us-central1-api)"}}
[info] i  functions: Beginning execution of "us-central1-api" {"metadata":{"emulator":{"name":"functions"},"function":{"name":"us-central1-api"},"extension":{},"message":"Beginning execution of \"us-central1-api\""}}
[debug] [2024-08-23T14:32:05.544Z] [worker-us-central1-api-afffd4cb-99c6-4173-b197-1b0de8e233e8]: BUSY {"metadata":{"emulator":{"name":"functions"},"function":{"name":"us-central1-api"},"extension":{},"message":"[worker-us-central1-api-afffd4cb-99c6-4173-b197-1b0de8e233e8]: BUSY"}}
[debug] [2024-08-23T14:32:05.655Z] Finishing up request with event=pause {"metadata":{"emulator":{"name":"functions"},"function":{"name":"us-central1-api"},"extension":{},"message":"Finishing up request with event=pause"}}
[info] i  functions: Finished "us-central1-api" in 111.314958ms {"metadata":{"emulator":{"name":"functions"},"function":{"name":"us-central1-api"},"extension":{},"message":"Finished \"us-central1-api\" in 111.314958ms"}}
[debug] [2024-08-23T14:32:05.656Z] [worker-us-central1-api-afffd4cb-99c6-4173-b197-1b0de8e233e8]: IDLE {"metadata":{"emulator":{"name":"functions"},"function":{"name":"us-central1-api"},"extension":{},"message":"[worker-us-central1-api-afffd4cb-99c6-4173-b197-1b0de8e233e8]: IDLE"}}
[debug] [2024-08-23T14:32:05.656Z] Finishing up request with event=finish {"metadata":{"emulator":{"name":"functions"},"function":{"name":"us-central1-api"},"extension":{},"message":"Finishing up request with event=finish"}}
[debug] [2024-08-23T14:32:05.656Z] Finishing up request with event=close {"metadata":{"emulator":{"name":"functions"},"function":{"name":"us-central1-api"},"extension":{},"message":"Finishing up request with event=close"}}
[debug] [2024-08-23T14:32:05.656Z] [work-queue] {"queuedWork":[],"queueLength":0,"runningWork":[],"workRunningCount":0}
[debug] [2024-08-23T14:32:05.657Z] [work-queue] {"queuedWork":["/test-client-server-db/us-central1/api/tasks-2024-08-23T14:32:05.657Z"],"queueLength":1,"runningWork":[],"workRunningCount":0}
[debug] [2024-08-23T14:32:05.657Z] [work-queue] {"queuedWork":[],"queueLength":0,"runningWork":["/test-client-server-db/us-central1/api/tasks-2024-08-23T14:32:05.657Z"],"workRunningCount":1}
[debug] [2024-08-23T14:32:05.657Z] Accepted request GET /test-client-server-db/us-central1/api/tasks --> us-central1-api
[debug] [2024-08-23T14:32:05.659Z] [functions] Runtime ready! Sending request! {"metadata":{"emulator":{"name":"functions"},"message":"[functions] Runtime ready! Sending request!"}}
[debug] [2024-08-23T14:32:05.659Z] [functions] Got req.url=/test-client-server-db/us-central1/api/tasks, mapping to path=/tasks {"metadata":{"emulator":{"name":"functions"},"message":"[functions] Got req.url=/test-client-server-db/us-central1/api/tasks, mapping to path=/tasks"}}
[debug] [2024-08-23T14:32:05.659Z] [worker-pool] submitRequest(triggerId=us-central1-api) {"metadata":{"emulator":{"name":"functions"},"message":"[worker-pool] submitRequest(triggerId=us-central1-api)"}}
[info] i  functions: Beginning execution of "us-central1-api" {"metadata":{"emulator":{"name":"functions"},"function":{"name":"us-central1-api"},"extension":{},"message":"Beginning execution of \"us-central1-api\""}}
[debug] [2024-08-23T14:32:05.659Z] [worker-us-central1-api-afffd4cb-99c6-4173-b197-1b0de8e233e8]: BUSY {"metadata":{"emulator":{"name":"functions"},"function":{"name":"us-central1-api"},"extension":{},"message":"[worker-us-central1-api-afffd4cb-99c6-4173-b197-1b0de8e233e8]: BUSY"}}
[debug] [2024-08-23T14:32:05.735Z] Finishing up request with event=pause {"metadata":{"emulator":{"name":"functions"},"function":{"name":"us-central1-api"},"extension":{},"message":"Finishing up request with event=pause"}}
[info] i  functions: Finished "us-central1-api" in 75.955458ms {"metadata":{"emulator":{"name":"functions"},"function":{"name":"us-central1-api"},"extension":{},"message":"Finished \"us-central1-api\" in 75.955458ms"}}
[debug] [2024-08-23T14:32:05.736Z] [worker-us-central1-api-afffd4cb-99c6-4173-b197-1b0de8e233e8]: IDLE {"metadata":{"emulator":{"name":"functions"},"function":{"name":"us-central1-api"},"extension":{},"message":"[worker-us-central1-api-afffd4cb-99c6-4173-b197-1b0de8e233e8]: IDLE"}}
[debug] [2024-08-23T14:32:05.736Z] Finishing up request with event=finish {"metadata":{"emulator":{"name":"functions"},"function":{"name":"us-central1-api"},"extension":{},"message":"Finishing up request with event=finish"}}
[debug] [2024-08-23T14:32:05.736Z] Finishing up request with event=close {"metadata":{"emulator":{"name":"functions"},"function":{"name":"us-central1-api"},"extension":{},"message":"Finishing up request with event=close"}}
[debug] [2024-08-23T14:32:05.736Z] [work-queue] {"queuedWork":[],"queueLength":0,"runningWork":[],"workRunningCount":0}
[debug] [2024-08-23T14:32:24.630Z] [work-queue] {"queuedWork":["/test-client-server-db/us-central1/api/tasks-2024-08-23T14:32:24.630Z"],"queueLength":1,"runningWork":[],"workRunningCount":0}
[debug] [2024-08-23T14:32:24.631Z] [work-queue] {"queuedWork":[],"queueLength":0,"runningWork":["/test-client-server-db/us-central1/api/tasks-2024-08-23T14:32:24.630Z"],"workRunningCount":1}
[debug] [2024-08-23T14:32:24.631Z] Accepted request GET /test-client-server-db/us-central1/api/tasks --> us-central1-api
[debug] [2024-08-23T14:32:24.632Z] [functions] Runtime ready! Sending request! {"metadata":{"emulator":{"name":"functions"},"message":"[functions] Runtime ready! Sending request!"}}
[debug] [2024-08-23T14:32:24.632Z] [functions] Got req.url=/test-client-server-db/us-central1/api/tasks, mapping to path=/tasks {"metadata":{"emulator":{"name":"functions"},"message":"[functions] Got req.url=/test-client-server-db/us-central1/api/tasks, mapping to path=/tasks"}}
[debug] [2024-08-23T14:32:24.632Z] [worker-pool] submitRequest(triggerId=us-central1-api) {"metadata":{"emulator":{"name":"functions"},"message":"[worker-pool] submitRequest(triggerId=us-central1-api)"}}
[info] i  functions: Beginning execution of "us-central1-api" {"metadata":{"emulator":{"name":"functions"},"function":{"name":"us-central1-api"},"extension":{},"message":"Beginning execution of \"us-central1-api\""}}
[debug] [2024-08-23T14:32:24.632Z] [worker-us-central1-api-afffd4cb-99c6-4173-b197-1b0de8e233e8]: BUSY {"metadata":{"emulator":{"name":"functions"},"function":{"name":"us-central1-api"},"extension":{},"message":"[worker-us-central1-api-afffd4cb-99c6-4173-b197-1b0de8e233e8]: BUSY"}}
[debug] [2024-08-23T14:32:24.700Z] Finishing up request with event=pause {"metadata":{"emulator":{"name":"functions"},"function":{"name":"us-central1-api"},"extension":{},"message":"Finishing up request with event=pause"}}
[info] i  functions: Finished "us-central1-api" in 68.524167ms {"metadata":{"emulator":{"name":"functions"},"function":{"name":"us-central1-api"},"extension":{},"message":"Finished \"us-central1-api\" in 68.524167ms"}}
[debug] [2024-08-23T14:32:24.701Z] [worker-us-central1-api-afffd4cb-99c6-4173-b197-1b0de8e233e8]: IDLE {"metadata":{"emulator":{"name":"functions"},"function":{"name":"us-central1-api"},"extension":{},"message":"[worker-us-central1-api-afffd4cb-99c6-4173-b197-1b0de8e233e8]: IDLE"}}
[debug] [2024-08-23T14:32:24.701Z] Finishing up request with event=finish {"metadata":{"emulator":{"name":"functions"},"function":{"name":"us-central1-api"},"extension":{},"message":"Finishing up request with event=finish"}}
[debug] [2024-08-23T14:32:24.701Z] Finishing up request with event=close {"metadata":{"emulator":{"name":"functions"},"function":{"name":"us-central1-api"},"extension":{},"message":"Finishing up request with event=close"}}
[debug] [2024-08-23T14:32:24.701Z] [work-queue] {"queuedWork":[],"queueLength":0,"runningWork":[],"workRunningCount":0}
[debug] [2024-08-23T14:32:24.701Z] [work-queue] {"queuedWork":["/test-client-server-db/us-central1/api/tasks-2024-08-23T14:32:24.701Z"],"queueLength":1,"runningWork":[],"workRunningCount":0}
[debug] [2024-08-23T14:32:24.702Z] [work-queue] {"queuedWork":[],"queueLength":0,"runningWork":["/test-client-server-db/us-central1/api/tasks-2024-08-23T14:32:24.701Z"],"workRunningCount":1}
[debug] [2024-08-23T14:32:24.702Z] Accepted request GET /test-client-server-db/us-central1/api/tasks --> us-central1-api
[debug] [2024-08-23T14:32:24.703Z] [functions] Runtime ready! Sending request! {"metadata":{"emulator":{"name":"functions"},"message":"[functions] Runtime ready! Sending request!"}}
[debug] [2024-08-23T14:32:24.703Z] [functions] Got req.url=/test-client-server-db/us-central1/api/tasks, mapping to path=/tasks {"metadata":{"emulator":{"name":"functions"},"message":"[functions] Got req.url=/test-client-server-db/us-central1/api/tasks, mapping to path=/tasks"}}
[debug] [2024-08-23T14:32:24.703Z] [worker-pool] submitRequest(triggerId=us-central1-api) {"metadata":{"emulator":{"name":"functions"},"message":"[worker-pool] submitRequest(triggerId=us-central1-api)"}}
[info] i  functions: Beginning execution of "us-central1-api" {"metadata":{"emulator":{"name":"functions"},"function":{"name":"us-central1-api"},"extension":{},"message":"Beginning execution of \"us-central1-api\""}}
[debug] [2024-08-23T14:32:24.703Z] [worker-us-central1-api-afffd4cb-99c6-4173-b197-1b0de8e233e8]: BUSY {"metadata":{"emulator":{"name":"functions"},"function":{"name":"us-central1-api"},"extension":{},"message":"[worker-us-central1-api-afffd4cb-99c6-4173-b197-1b0de8e233e8]: BUSY"}}
[debug] [2024-08-23T14:32:24.774Z] Finishing up request with event=pause {"metadata":{"emulator":{"name":"functions"},"function":{"name":"us-central1-api"},"extension":{},"message":"Finishing up request with event=pause"}}
[info] i  functions: Finished "us-central1-api" in 71.241834ms {"metadata":{"emulator":{"name":"functions"},"function":{"name":"us-central1-api"},"extension":{},"message":"Finished \"us-central1-api\" in 71.241834ms"}}
[debug] [2024-08-23T14:32:24.774Z] [worker-us-central1-api-afffd4cb-99c6-4173-b197-1b0de8e233e8]: IDLE {"metadata":{"emulator":{"name":"functions"},"function":{"name":"us-central1-api"},"extension":{},"message":"[worker-us-central1-api-afffd4cb-99c6-4173-b197-1b0de8e233e8]: IDLE"}}
[debug] [2024-08-23T14:32:24.775Z] Finishing up request with event=finish {"metadata":{"emulator":{"name":"functions"},"function":{"name":"us-central1-api"},"extension":{},"message":"Finishing up request with event=finish"}}
[debug] [2024-08-23T14:32:24.775Z] Finishing up request with event=close {"metadata":{"emulator":{"name":"functions"},"function":{"name":"us-central1-api"},"extension":{},"message":"Finishing up request with event=close"}}
[debug] [2024-08-23T14:32:24.775Z] [work-queue] {"queuedWork":[],"queueLength":0,"runningWork":[],"workRunningCount":0}
[debug] [2024-08-23T14:32:35.705Z] [work-queue] {"queuedWork":["/test-client-server-db/us-central1/api/tasks-2024-08-23T14:32:35.705Z"],"queueLength":1,"runningWork":[],"workRunningCount":0}
[debug] [2024-08-23T14:32:35.705Z] [work-queue] {"queuedWork":[],"queueLength":0,"runningWork":["/test-client-server-db/us-central1/api/tasks-2024-08-23T14:32:35.705Z"],"workRunningCount":1}
[debug] [2024-08-23T14:32:35.705Z] Accepted request OPTIONS /test-client-server-db/us-central1/api/tasks --> us-central1-api
[debug] [2024-08-23T14:32:35.709Z] [functions] Runtime ready! Sending request! {"metadata":{"emulator":{"name":"functions"},"message":"[functions] Runtime ready! Sending request!"}}
[debug] [2024-08-23T14:32:35.709Z] [functions] Got req.url=/test-client-server-db/us-central1/api/tasks, mapping to path=/tasks {"metadata":{"emulator":{"name":"functions"},"message":"[functions] Got req.url=/test-client-server-db/us-central1/api/tasks, mapping to path=/tasks"}}
[debug] [2024-08-23T14:32:35.709Z] [worker-pool] submitRequest(triggerId=us-central1-api) {"metadata":{"emulator":{"name":"functions"},"message":"[worker-pool] submitRequest(triggerId=us-central1-api)"}}
[info] i  functions: Beginning execution of "us-central1-api" {"metadata":{"emulator":{"name":"functions"},"function":{"name":"us-central1-api"},"extension":{},"message":"Beginning execution of \"us-central1-api\""}}
[debug] [2024-08-23T14:32:35.709Z] [worker-us-central1-api-afffd4cb-99c6-4173-b197-1b0de8e233e8]: BUSY {"metadata":{"emulator":{"name":"functions"},"function":{"name":"us-central1-api"},"extension":{},"message":"[worker-us-central1-api-afffd4cb-99c6-4173-b197-1b0de8e233e8]: BUSY"}}
[debug] [2024-08-23T14:32:35.712Z] Finishing up request with event=pause {"metadata":{"emulator":{"name":"functions"},"function":{"name":"us-central1-api"},"extension":{},"message":"Finishing up request with event=pause"}}
[info] i  functions: Finished "us-central1-api" in 3.313292ms {"metadata":{"emulator":{"name":"functions"},"function":{"name":"us-central1-api"},"extension":{},"message":"Finished \"us-central1-api\" in 3.313292ms"}}
[debug] [2024-08-23T14:32:35.713Z] [worker-us-central1-api-afffd4cb-99c6-4173-b197-1b0de8e233e8]: IDLE {"metadata":{"emulator":{"name":"functions"},"function":{"name":"us-central1-api"},"extension":{},"message":"[worker-us-central1-api-afffd4cb-99c6-4173-b197-1b0de8e233e8]: IDLE"}}
[debug] [2024-08-23T14:32:35.713Z] Finishing up request with event=finish {"metadata":{"emulator":{"name":"functions"},"function":{"name":"us-central1-api"},"extension":{},"message":"Finishing up request with event=finish"}}
[debug] [2024-08-23T14:32:35.713Z] Finishing up request with event=close {"metadata":{"emulator":{"name":"functions"},"function":{"name":"us-central1-api"},"extension":{},"message":"Finishing up request with event=close"}}
[debug] [2024-08-23T14:32:35.713Z] [work-queue] {"queuedWork":[],"queueLength":0,"runningWork":[],"workRunningCount":0}
[debug] [2024-08-23T14:32:35.714Z] [work-queue] {"queuedWork":["/test-client-server-db/us-central1/api/tasks-2024-08-23T14:32:35.714Z"],"queueLength":1,"runningWork":[],"workRunningCount":0}
[debug] [2024-08-23T14:32:35.714Z] [work-queue] {"queuedWork":[],"queueLength":0,"runningWork":["/test-client-server-db/us-central1/api/tasks-2024-08-23T14:32:35.714Z"],"workRunningCount":1}
[debug] [2024-08-23T14:32:35.714Z] Accepted request POST /test-client-server-db/us-central1/api/tasks --> us-central1-api
[debug] [2024-08-23T14:32:35.717Z] [functions] Runtime ready! Sending request! {"metadata":{"emulator":{"name":"functions"},"message":"[functions] Runtime ready! Sending request!"}}
[debug] [2024-08-23T14:32:35.717Z] [functions] Got req.url=/test-client-server-db/us-central1/api/tasks, mapping to path=/tasks {"metadata":{"emulator":{"name":"functions"},"message":"[functions] Got req.url=/test-client-server-db/us-central1/api/tasks, mapping to path=/tasks"}}
[debug] [2024-08-23T14:32:35.717Z] [worker-pool] submitRequest(triggerId=us-central1-api) {"metadata":{"emulator":{"name":"functions"},"message":"[worker-pool] submitRequest(triggerId=us-central1-api)"}}
[info] i  functions: Beginning execution of "us-central1-api" {"metadata":{"emulator":{"name":"functions"},"function":{"name":"us-central1-api"},"extension":{},"message":"Beginning execution of \"us-central1-api\""}}
[debug] [2024-08-23T14:32:35.717Z] [worker-us-central1-api-afffd4cb-99c6-4173-b197-1b0de8e233e8]: BUSY {"metadata":{"emulator":{"name":"functions"},"function":{"name":"us-central1-api"},"extension":{},"message":"[worker-us-central1-api-afffd4cb-99c6-4173-b197-1b0de8e233e8]: BUSY"}}
[debug] [2024-08-23T14:32:35.825Z] Finishing up request with event=pause {"metadata":{"emulator":{"name":"functions"},"function":{"name":"us-central1-api"},"extension":{},"message":"Finishing up request with event=pause"}}
[info] i  functions: Finished "us-central1-api" in 108.333167ms {"metadata":{"emulator":{"name":"functions"},"function":{"name":"us-central1-api"},"extension":{},"message":"Finished \"us-central1-api\" in 108.333167ms"}}
[debug] [2024-08-23T14:32:35.826Z] [worker-us-central1-api-afffd4cb-99c6-4173-b197-1b0de8e233e8]: IDLE {"metadata":{"emulator":{"name":"functions"},"function":{"name":"us-central1-api"},"extension":{},"message":"[worker-us-central1-api-afffd4cb-99c6-4173-b197-1b0de8e233e8]: IDLE"}}
[debug] [2024-08-23T14:32:35.826Z] Finishing up request with event=finish {"metadata":{"emulator":{"name":"functions"},"function":{"name":"us-central1-api"},"extension":{},"message":"Finishing up request with event=finish"}}
[debug] [2024-08-23T14:32:35.826Z] Finishing up request with event=close {"metadata":{"emulator":{"name":"functions"},"function":{"name":"us-central1-api"},"extension":{},"message":"Finishing up request with event=close"}}
[debug] [2024-08-23T14:32:35.826Z] [work-queue] {"queuedWork":[],"queueLength":0,"runningWork":[],"workRunningCount":0}
[debug] [2024-08-23T14:49:12.747Z] [work-queue] {"queuedWork":["/test-client-server-db/us-central1/api/tasks-2024-08-23T14:49:12.747Z"],"queueLength":1,"runningWork":[],"workRunningCount":0}
[debug] [2024-08-23T14:49:12.748Z] [work-queue] {"queuedWork":[],"queueLength":0,"runningWork":["/test-client-server-db/us-central1/api/tasks-2024-08-23T14:49:12.747Z"],"workRunningCount":1}
[debug] [2024-08-23T14:49:12.748Z] Accepted request GET /test-client-server-db/us-central1/api/tasks --> us-central1-api
[debug] [2024-08-23T14:49:12.750Z] [functions] Runtime ready! Sending request! {"metadata":{"emulator":{"name":"functions"},"message":"[functions] Runtime ready! Sending request!"}}
[debug] [2024-08-23T14:49:12.750Z] [functions] Got req.url=/test-client-server-db/us-central1/api/tasks, mapping to path=/tasks {"metadata":{"emulator":{"name":"functions"},"message":"[functions] Got req.url=/test-client-server-db/us-central1/api/tasks, mapping to path=/tasks"}}
[debug] [2024-08-23T14:49:12.750Z] [worker-pool] submitRequest(triggerId=us-central1-api) {"metadata":{"emulator":{"name":"functions"},"message":"[worker-pool] submitRequest(triggerId=us-central1-api)"}}
[info] i  functions: Beginning execution of "us-central1-api" {"metadata":{"emulator":{"name":"functions"},"function":{"name":"us-central1-api"},"extension":{},"message":"Beginning execution of \"us-central1-api\""}}
[debug] [2024-08-23T14:49:12.750Z] [worker-us-central1-api-afffd4cb-99c6-4173-b197-1b0de8e233e8]: BUSY {"metadata":{"emulator":{"name":"functions"},"function":{"name":"us-central1-api"},"extension":{},"message":"[worker-us-central1-api-afffd4cb-99c6-4173-b197-1b0de8e233e8]: BUSY"}}
[debug] [2024-08-23T14:49:13.243Z] Finishing up request with event=pause {"metadata":{"emulator":{"name":"functions"},"function":{"name":"us-central1-api"},"extension":{},"message":"Finishing up request with event=pause"}}
[info] i  functions: Finished "us-central1-api" in 492.923833ms {"metadata":{"emulator":{"name":"functions"},"function":{"name":"us-central1-api"},"extension":{},"message":"Finished \"us-central1-api\" in 492.923833ms"}}
[debug] [2024-08-23T14:49:13.243Z] [worker-us-central1-api-afffd4cb-99c6-4173-b197-1b0de8e233e8]: IDLE {"metadata":{"emulator":{"name":"functions"},"function":{"name":"us-central1-api"},"extension":{},"message":"[worker-us-central1-api-afffd4cb-99c6-4173-b197-1b0de8e233e8]: IDLE"}}
[debug] [2024-08-23T14:49:13.244Z] Finishing up request with event=finish {"metadata":{"emulator":{"name":"functions"},"function":{"name":"us-central1-api"},"extension":{},"message":"Finishing up request with event=finish"}}
[debug] [2024-08-23T14:49:13.244Z] Finishing up request with event=close {"metadata":{"emulator":{"name":"functions"},"function":{"name":"us-central1-api"},"extension":{},"message":"Finishing up request with event=close"}}
[debug] [2024-08-23T14:49:13.244Z] [work-queue] {"queuedWork":[],"queueLength":0,"runningWork":[],"workRunningCount":0}
[debug] [2024-08-23T14:49:13.245Z] [work-queue] {"queuedWork":["/test-client-server-db/us-central1/api/tasks-2024-08-23T14:49:13.245Z"],"queueLength":1,"runningWork":[],"workRunningCount":0}
[debug] [2024-08-23T14:49:13.245Z] [work-queue] {"queuedWork":[],"queueLength":0,"runningWork":["/test-client-server-db/us-central1/api/tasks-2024-08-23T14:49:13.245Z"],"workRunningCount":1}
[debug] [2024-08-23T14:49:13.245Z] Accepted request GET /test-client-server-db/us-central1/api/tasks --> us-central1-api
[debug] [2024-08-23T14:49:13.249Z] [functions] Runtime ready! Sending request! {"metadata":{"emulator":{"name":"functions"},"message":"[functions] Runtime ready! Sending request!"}}
[debug] [2024-08-23T14:49:13.249Z] [functions] Got req.url=/test-client-server-db/us-central1/api/tasks, mapping to path=/tasks {"metadata":{"emulator":{"name":"functions"},"message":"[functions] Got req.url=/test-client-server-db/us-central1/api/tasks, mapping to path=/tasks"}}
[debug] [2024-08-23T14:49:13.249Z] [worker-pool] submitRequest(triggerId=us-central1-api) {"metadata":{"emulator":{"name":"functions"},"message":"[worker-pool] submitRequest(triggerId=us-central1-api)"}}
[info] i  functions: Beginning execution of "us-central1-api" {"metadata":{"emulator":{"name":"functions"},"function":{"name":"us-central1-api"},"extension":{},"message":"Beginning execution of \"us-central1-api\""}}
[debug] [2024-08-23T14:49:13.249Z] [worker-us-central1-api-afffd4cb-99c6-4173-b197-1b0de8e233e8]: BUSY {"metadata":{"emulator":{"name":"functions"},"function":{"name":"us-central1-api"},"extension":{},"message":"[worker-us-central1-api-afffd4cb-99c6-4173-b197-1b0de8e233e8]: BUSY"}}
[debug] [2024-08-23T14:49:13.319Z] Finishing up request with event=pause {"metadata":{"emulator":{"name":"functions"},"function":{"name":"us-central1-api"},"extension":{},"message":"Finishing up request with event=pause"}}
[info] i  functions: Finished "us-central1-api" in 70.392208ms {"metadata":{"emulator":{"name":"functions"},"function":{"name":"us-central1-api"},"extension":{},"message":"Finished \"us-central1-api\" in 70.392208ms"}}
[debug] [2024-08-23T14:49:13.320Z] [worker-us-central1-api-afffd4cb-99c6-4173-b197-1b0de8e233e8]: IDLE {"metadata":{"emulator":{"name":"functions"},"function":{"name":"us-central1-api"},"extension":{},"message":"[worker-us-central1-api-afffd4cb-99c6-4173-b197-1b0de8e233e8]: IDLE"}}
[debug] [2024-08-23T14:49:13.320Z] Finishing up request with event=finish {"metadata":{"emulator":{"name":"functions"},"function":{"name":"us-central1-api"},"extension":{},"message":"Finishing up request with event=finish"}}
[debug] [2024-08-23T14:49:13.320Z] Finishing up request with event=close {"metadata":{"emulator":{"name":"functions"},"function":{"name":"us-central1-api"},"extension":{},"message":"Finishing up request with event=close"}}
[debug] [2024-08-23T14:49:13.320Z] [work-queue] {"queuedWork":[],"queueLength":0,"runningWork":[],"workRunningCount":0}
[debug] [2024-08-23T14:55:05.008Z] [work-queue] {"queuedWork":["/test-client-server-db/us-central1/api/tasks-2024-08-23T14:55:05.008Z"],"queueLength":1,"runningWork":[],"workRunningCount":0}
[debug] [2024-08-23T14:55:05.009Z] [work-queue] {"queuedWork":[],"queueLength":0,"runningWork":["/test-client-server-db/us-central1/api/tasks-2024-08-23T14:55:05.008Z"],"workRunningCount":1}
[debug] [2024-08-23T14:55:05.009Z] Accepted request GET /test-client-server-db/us-central1/api/tasks --> us-central1-api
[debug] [2024-08-23T14:55:05.011Z] [functions] Runtime ready! Sending request! {"metadata":{"emulator":{"name":"functions"},"message":"[functions] Runtime ready! Sending request!"}}
[debug] [2024-08-23T14:55:05.011Z] [functions] Got req.url=/test-client-server-db/us-central1/api/tasks, mapping to path=/tasks {"metadata":{"emulator":{"name":"functions"},"message":"[functions] Got req.url=/test-client-server-db/us-central1/api/tasks, mapping to path=/tasks"}}
[debug] [2024-08-23T14:55:05.011Z] [worker-pool] submitRequest(triggerId=us-central1-api) {"metadata":{"emulator":{"name":"functions"},"message":"[worker-pool] submitRequest(triggerId=us-central1-api)"}}
[info] i  functions: Beginning execution of "us-central1-api" {"metadata":{"emulator":{"name":"functions"},"function":{"name":"us-central1-api"},"extension":{},"message":"Beginning execution of \"us-central1-api\""}}
[debug] [2024-08-23T14:55:05.011Z] [worker-us-central1-api-afffd4cb-99c6-4173-b197-1b0de8e233e8]: BUSY {"metadata":{"emulator":{"name":"functions"},"function":{"name":"us-central1-api"},"extension":{},"message":"[worker-us-central1-api-afffd4cb-99c6-4173-b197-1b0de8e233e8]: BUSY"}}
[debug] [2024-08-23T14:55:05.104Z] Finishing up request with event=pause {"metadata":{"emulator":{"name":"functions"},"function":{"name":"us-central1-api"},"extension":{},"message":"Finishing up request with event=pause"}}
[info] i  functions: Finished "us-central1-api" in 92.55375ms {"metadata":{"emulator":{"name":"functions"},"function":{"name":"us-central1-api"},"extension":{},"message":"Finished \"us-central1-api\" in 92.55375ms"}}
[debug] [2024-08-23T14:55:05.104Z] [worker-us-central1-api-afffd4cb-99c6-4173-b197-1b0de8e233e8]: IDLE {"metadata":{"emulator":{"name":"functions"},"function":{"name":"us-central1-api"},"extension":{},"message":"[worker-us-central1-api-afffd4cb-99c6-4173-b197-1b0de8e233e8]: IDLE"}}
[debug] [2024-08-23T14:55:05.104Z] Finishing up request with event=finish {"metadata":{"emulator":{"name":"functions"},"function":{"name":"us-central1-api"},"extension":{},"message":"Finishing up request with event=finish"}}
[debug] [2024-08-23T14:55:05.104Z] Finishing up request with event=close {"metadata":{"emulator":{"name":"functions"},"function":{"name":"us-central1-api"},"extension":{},"message":"Finishing up request with event=close"}}
[debug] [2024-08-23T14:55:05.104Z] [work-queue] {"queuedWork":[],"queueLength":0,"runningWork":[],"workRunningCount":0}
[debug] [2024-08-23T14:55:05.104Z] [work-queue] {"queuedWork":["/test-client-server-db/us-central1/api/tasks-2024-08-23T14:55:05.104Z"],"queueLength":1,"runningWork":[],"workRunningCount":0}
[debug] [2024-08-23T14:55:05.105Z] [work-queue] {"queuedWork":[],"queueLength":0,"runningWork":["/test-client-server-db/us-central1/api/tasks-2024-08-23T14:55:05.104Z"],"workRunningCount":1}
[debug] [2024-08-23T14:55:05.105Z] Accepted request GET /test-client-server-db/us-central1/api/tasks --> us-central1-api
[debug] [2024-08-23T14:55:05.106Z] [functions] Runtime ready! Sending request! {"metadata":{"emulator":{"name":"functions"},"message":"[functions] Runtime ready! Sending request!"}}
[debug] [2024-08-23T14:55:05.106Z] [functions] Got req.url=/test-client-server-db/us-central1/api/tasks, mapping to path=/tasks {"metadata":{"emulator":{"name":"functions"},"message":"[functions] Got req.url=/test-client-server-db/us-central1/api/tasks, mapping to path=/tasks"}}
[debug] [2024-08-23T14:55:05.106Z] [worker-pool] submitRequest(triggerId=us-central1-api) {"metadata":{"emulator":{"name":"functions"},"message":"[worker-pool] submitRequest(triggerId=us-central1-api)"}}
[info] i  functions: Beginning execution of "us-central1-api" {"metadata":{"emulator":{"name":"functions"},"function":{"name":"us-central1-api"},"extension":{},"message":"Beginning execution of \"us-central1-api\""}}
[debug] [2024-08-23T14:55:05.106Z] [worker-us-central1-api-afffd4cb-99c6-4173-b197-1b0de8e233e8]: BUSY {"metadata":{"emulator":{"name":"functions"},"function":{"name":"us-central1-api"},"extension":{},"message":"[worker-us-central1-api-afffd4cb-99c6-4173-b197-1b0de8e233e8]: BUSY"}}
[debug] [2024-08-23T14:55:05.177Z] Finishing up request with event=pause {"metadata":{"emulator":{"name":"functions"},"function":{"name":"us-central1-api"},"extension":{},"message":"Finishing up request with event=pause"}}
[info] i  functions: Finished "us-central1-api" in 71.401125ms {"metadata":{"emulator":{"name":"functions"},"function":{"name":"us-central1-api"},"extension":{},"message":"Finished \"us-central1-api\" in 71.401125ms"}}
[debug] [2024-08-23T14:55:05.177Z] [worker-us-central1-api-afffd4cb-99c6-4173-b197-1b0de8e233e8]: IDLE {"metadata":{"emulator":{"name":"functions"},"function":{"name":"us-central1-api"},"extension":{},"message":"[worker-us-central1-api-afffd4cb-99c6-4173-b197-1b0de8e233e8]: IDLE"}}
[debug] [2024-08-23T14:55:05.177Z] Finishing up request with event=finish {"metadata":{"emulator":{"name":"functions"},"function":{"name":"us-central1-api"},"extension":{},"message":"Finishing up request with event=finish"}}
[debug] [2024-08-23T14:55:05.177Z] Finishing up request with event=close {"metadata":{"emulator":{"name":"functions"},"function":{"name":"us-central1-api"},"extension":{},"message":"Finishing up request with event=close"}}
[debug] [2024-08-23T14:55:05.177Z] [work-queue] {"queuedWork":[],"queueLength":0,"runningWork":[],"workRunningCount":0}
[debug] [2024-08-23T14:55:16.792Z] [work-queue] {"queuedWork":["/test-client-server-db/us-central1/api/tasks-2024-08-23T14:55:16.792Z"],"queueLength":1,"runningWork":[],"workRunningCount":0}
[debug] [2024-08-23T14:55:16.792Z] [work-queue] {"queuedWork":[],"queueLength":0,"runningWork":["/test-client-server-db/us-central1/api/tasks-2024-08-23T14:55:16.792Z"],"workRunningCount":1}
[debug] [2024-08-23T14:55:16.792Z] Accepted request OPTIONS /test-client-server-db/us-central1/api/tasks --> us-central1-api
[debug] [2024-08-23T14:55:16.796Z] [functions] Runtime ready! Sending request! {"metadata":{"emulator":{"name":"functions"},"message":"[functions] Runtime ready! Sending request!"}}
[debug] [2024-08-23T14:55:16.796Z] [functions] Got req.url=/test-client-server-db/us-central1/api/tasks, mapping to path=/tasks {"metadata":{"emulator":{"name":"functions"},"message":"[functions] Got req.url=/test-client-server-db/us-central1/api/tasks, mapping to path=/tasks"}}
[debug] [2024-08-23T14:55:16.796Z] [worker-pool] submitRequest(triggerId=us-central1-api) {"metadata":{"emulator":{"name":"functions"},"message":"[worker-pool] submitRequest(triggerId=us-central1-api)"}}
[info] i  functions: Beginning execution of "us-central1-api" {"metadata":{"emulator":{"name":"functions"},"function":{"name":"us-central1-api"},"extension":{},"message":"Beginning execution of \"us-central1-api\""}}
[debug] [2024-08-23T14:55:16.796Z] [worker-us-central1-api-afffd4cb-99c6-4173-b197-1b0de8e233e8]: BUSY {"metadata":{"emulator":{"name":"functions"},"function":{"name":"us-central1-api"},"extension":{},"message":"[worker-us-central1-api-afffd4cb-99c6-4173-b197-1b0de8e233e8]: BUSY"}}
[debug] [2024-08-23T14:55:16.800Z] Finishing up request with event=pause {"metadata":{"emulator":{"name":"functions"},"function":{"name":"us-central1-api"},"extension":{},"message":"Finishing up request with event=pause"}}
[info] i  functions: Finished "us-central1-api" in 3.395916ms {"metadata":{"emulator":{"name":"functions"},"function":{"name":"us-central1-api"},"extension":{},"message":"Finished \"us-central1-api\" in 3.395916ms"}}
[debug] [2024-08-23T14:55:16.800Z] [worker-us-central1-api-afffd4cb-99c6-4173-b197-1b0de8e233e8]: IDLE {"metadata":{"emulator":{"name":"functions"},"function":{"name":"us-central1-api"},"extension":{},"message":"[worker-us-central1-api-afffd4cb-99c6-4173-b197-1b0de8e233e8]: IDLE"}}
[debug] [2024-08-23T14:55:16.800Z] Finishing up request with event=finish {"metadata":{"emulator":{"name":"functions"},"function":{"name":"us-central1-api"},"extension":{},"message":"Finishing up request with event=finish"}}
[debug] [2024-08-23T14:55:16.800Z] Finishing up request with event=close {"metadata":{"emulator":{"name":"functions"},"function":{"name":"us-central1-api"},"extension":{},"message":"Finishing up request with event=close"}}
[debug] [2024-08-23T14:55:16.800Z] [work-queue] {"queuedWork":[],"queueLength":0,"runningWork":[],"workRunningCount":0}
[debug] [2024-08-23T14:55:16.801Z] [work-queue] {"queuedWork":["/test-client-server-db/us-central1/api/tasks-2024-08-23T14:55:16.801Z"],"queueLength":1,"runningWork":[],"workRunningCount":0}
[debug] [2024-08-23T14:55:16.801Z] [work-queue] {"queuedWork":[],"queueLength":0,"runningWork":["/test-client-server-db/us-central1/api/tasks-2024-08-23T14:55:16.801Z"],"workRunningCount":1}
[debug] [2024-08-23T14:55:16.801Z] Accepted request POST /test-client-server-db/us-central1/api/tasks --> us-central1-api
[debug] [2024-08-23T14:55:16.804Z] [functions] Runtime ready! Sending request! {"metadata":{"emulator":{"name":"functions"},"message":"[functions] Runtime ready! Sending request!"}}
[debug] [2024-08-23T14:55:16.805Z] [functions] Got req.url=/test-client-server-db/us-central1/api/tasks, mapping to path=/tasks {"metadata":{"emulator":{"name":"functions"},"message":"[functions] Got req.url=/test-client-server-db/us-central1/api/tasks, mapping to path=/tasks"}}
[debug] [2024-08-23T14:55:16.805Z] [worker-pool] submitRequest(triggerId=us-central1-api) {"metadata":{"emulator":{"name":"functions"},"message":"[worker-pool] submitRequest(triggerId=us-central1-api)"}}
[info] i  functions: Beginning execution of "us-central1-api" {"metadata":{"emulator":{"name":"functions"},"function":{"name":"us-central1-api"},"extension":{},"message":"Beginning execution of \"us-central1-api\""}}
[debug] [2024-08-23T14:55:16.805Z] [worker-us-central1-api-afffd4cb-99c6-4173-b197-1b0de8e233e8]: BUSY {"metadata":{"emulator":{"name":"functions"},"function":{"name":"us-central1-api"},"extension":{},"message":"[worker-us-central1-api-afffd4cb-99c6-4173-b197-1b0de8e233e8]: BUSY"}}
[debug] [2024-08-23T14:55:16.896Z] Finishing up request with event=pause {"metadata":{"emulator":{"name":"functions"},"function":{"name":"us-central1-api"},"extension":{},"message":"Finishing up request with event=pause"}}
[info] i  functions: Finished "us-central1-api" in 90.954958ms {"metadata":{"emulator":{"name":"functions"},"function":{"name":"us-central1-api"},"extension":{},"message":"Finished \"us-central1-api\" in 90.954958ms"}}
[debug] [2024-08-23T14:55:16.896Z] [worker-us-central1-api-afffd4cb-99c6-4173-b197-1b0de8e233e8]: IDLE {"metadata":{"emulator":{"name":"functions"},"function":{"name":"us-central1-api"},"extension":{},"message":"[worker-us-central1-api-afffd4cb-99c6-4173-b197-1b0de8e233e8]: IDLE"}}
[debug] [2024-08-23T14:55:16.896Z] Finishing up request with event=finish {"metadata":{"emulator":{"name":"functions"},"function":{"name":"us-central1-api"},"extension":{},"message":"Finishing up request with event=finish"}}
[debug] [2024-08-23T14:55:16.896Z] Finishing up request with event=close {"metadata":{"emulator":{"name":"functions"},"function":{"name":"us-central1-api"},"extension":{},"message":"Finishing up request with event=close"}}
[debug] [2024-08-23T14:55:16.896Z] [work-queue] {"queuedWork":[],"queueLength":0,"runningWork":[],"workRunningCount":0}
